INFO - 2023-11-05 01:45:08 --> Session: Class initialized using 'CodeIgniter\Session\Handlers\FileHandler' driver.
WARNING - 2023-11-05 01:45:08 --> [DEPRECATED] Creation of dynamic property App\Controllers\ProductController::$session is deprecated in APPPATH\Controllers\ProductController.php on line 13.
 1 SYSTEMPATH\CodeIgniter.php(914): App\Controllers\ProductController->__construct()
 2 SYSTEMPATH\CodeIgniter.php(493): CodeIgniter\CodeIgniter->createController()
 3 SYSTEMPATH\CodeIgniter.php(361): CodeIgniter\CodeIgniter->handleRequest(null, Object(Config\Cache), false)
 4 FCPATH\index.php(79): CodeIgniter\CodeIgniter->run()
 5 SYSTEMPATH\Commands\Server\rewrite.php(47): require_once('C:\\xampp\\htdocs\\merlibre\\public\\index.php')
WARNING - 2023-11-05 01:45:08 --> [DEPRECATED] Creation of dynamic property App\Controllers\ProductController::$ProductModel is deprecated in APPPATH\Controllers\ProductController.php on line 14.
 1 SYSTEMPATH\CodeIgniter.php(914): App\Controllers\ProductController->__construct()
 2 SYSTEMPATH\CodeIgniter.php(493): CodeIgniter\CodeIgniter->createController()
 3 SYSTEMPATH\CodeIgniter.php(361): CodeIgniter\CodeIgniter->handleRequest(null, Object(Config\Cache), false)
 4 FCPATH\index.php(79): CodeIgniter\CodeIgniter->run()
 5 SYSTEMPATH\Commands\Server\rewrite.php(47): require_once('C:\\xampp\\htdocs\\merlibre\\public\\index.php')
INFO - 2023-11-05 01:45:09 --> Session: Class initialized using 'CodeIgniter\Session\Handlers\FileHandler' driver.
WARNING - 2023-11-05 01:45:09 --> [DEPRECATED] Creation of dynamic property App\Controllers\ProductController::$session is deprecated in APPPATH\Controllers\ProductController.php on line 13.
 1 SYSTEMPATH\CodeIgniter.php(914): App\Controllers\ProductController->__construct()
 2 SYSTEMPATH\CodeIgniter.php(493): CodeIgniter\CodeIgniter->createController()
 3 SYSTEMPATH\CodeIgniter.php(361): CodeIgniter\CodeIgniter->handleRequest(null, Object(Config\Cache), false)
 4 FCPATH\index.php(79): CodeIgniter\CodeIgniter->run()
 5 SYSTEMPATH\Commands\Server\rewrite.php(47): require_once('C:\\xampp\\htdocs\\merlibre\\public\\index.php')
WARNING - 2023-11-05 01:45:09 --> [DEPRECATED] Creation of dynamic property App\Controllers\ProductController::$ProductModel is deprecated in APPPATH\Controllers\ProductController.php on line 14.
 1 SYSTEMPATH\CodeIgniter.php(914): App\Controllers\ProductController->__construct()
 2 SYSTEMPATH\CodeIgniter.php(493): CodeIgniter\CodeIgniter->createController()
 3 SYSTEMPATH\CodeIgniter.php(361): CodeIgniter\CodeIgniter->handleRequest(null, Object(Config\Cache), false)
 4 FCPATH\index.php(79): CodeIgniter\CodeIgniter->run()
 5 SYSTEMPATH\Commands\Server\rewrite.php(47): require_once('C:\\xampp\\htdocs\\merlibre\\public\\index.php')
INFO - 2023-11-05 01:45:09 --> Session: Class initialized using 'CodeIgniter\Session\Handlers\FileHandler' driver.
WARNING - 2023-11-05 01:45:09 --> [DEPRECATED] Creation of dynamic property App\Controllers\ProductController::$session is deprecated in APPPATH\Controllers\ProductController.php on line 13.
 1 SYSTEMPATH\CodeIgniter.php(914): App\Controllers\ProductController->__construct()
 2 SYSTEMPATH\CodeIgniter.php(493): CodeIgniter\CodeIgniter->createController()
 3 SYSTEMPATH\CodeIgniter.php(361): CodeIgniter\CodeIgniter->handleRequest(null, Object(Config\Cache), false)
 4 FCPATH\index.php(79): CodeIgniter\CodeIgniter->run()
 5 SYSTEMPATH\Commands\Server\rewrite.php(47): require_once('C:\\xampp\\htdocs\\merlibre\\public\\index.php')
WARNING - 2023-11-05 01:45:09 --> [DEPRECATED] Creation of dynamic property App\Controllers\ProductController::$ProductModel is deprecated in APPPATH\Controllers\ProductController.php on line 14.
 1 SYSTEMPATH\CodeIgniter.php(914): App\Controllers\ProductController->__construct()
 2 SYSTEMPATH\CodeIgniter.php(493): CodeIgniter\CodeIgniter->createController()
 3 SYSTEMPATH\CodeIgniter.php(361): CodeIgniter\CodeIgniter->handleRequest(null, Object(Config\Cache), false)
 4 FCPATH\index.php(79): CodeIgniter\CodeIgniter->run()
 5 SYSTEMPATH\Commands\Server\rewrite.php(47): require_once('C:\\xampp\\htdocs\\merlibre\\public\\index.php')
INFO - 2023-11-05 01:45:18 --> Session: Class initialized using 'CodeIgniter\Session\Handlers\FileHandler' driver.
WARNING - 2023-11-05 01:45:18 --> [DEPRECATED] Creation of dynamic property App\Controllers\ProductController::$session is deprecated in APPPATH\Controllers\ProductController.php on line 13.
 1 SYSTEMPATH\CodeIgniter.php(914): App\Controllers\ProductController->__construct()
 2 SYSTEMPATH\CodeIgniter.php(493): CodeIgniter\CodeIgniter->createController()
 3 SYSTEMPATH\CodeIgniter.php(361): CodeIgniter\CodeIgniter->handleRequest(null, Object(Config\Cache), false)
 4 FCPATH\index.php(79): CodeIgniter\CodeIgniter->run()
 5 SYSTEMPATH\Commands\Server\rewrite.php(47): require_once('C:\\xampp\\htdocs\\merlibre\\public\\index.php')
WARNING - 2023-11-05 01:45:18 --> [DEPRECATED] Creation of dynamic property App\Controllers\ProductController::$ProductModel is deprecated in APPPATH\Controllers\ProductController.php on line 14.
 1 SYSTEMPATH\CodeIgniter.php(914): App\Controllers\ProductController->__construct()
 2 SYSTEMPATH\CodeIgniter.php(493): CodeIgniter\CodeIgniter->createController()
 3 SYSTEMPATH\CodeIgniter.php(361): CodeIgniter\CodeIgniter->handleRequest(null, Object(Config\Cache), false)
 4 FCPATH\index.php(79): CodeIgniter\CodeIgniter->run()
 5 SYSTEMPATH\Commands\Server\rewrite.php(47): require_once('C:\\xampp\\htdocs\\merlibre\\public\\index.php')
INFO - 2023-11-05 01:45:20 --> Session: Class initialized using 'CodeIgniter\Session\Handlers\FileHandler' driver.
WARNING - 2023-11-05 01:45:20 --> [DEPRECATED] Creation of dynamic property App\Controllers\ProductController::$session is deprecated in APPPATH\Controllers\ProductController.php on line 13.
 1 SYSTEMPATH\CodeIgniter.php(914): App\Controllers\ProductController->__construct()
 2 SYSTEMPATH\CodeIgniter.php(493): CodeIgniter\CodeIgniter->createController()
 3 SYSTEMPATH\CodeIgniter.php(361): CodeIgniter\CodeIgniter->handleRequest(null, Object(Config\Cache), false)
 4 FCPATH\index.php(79): CodeIgniter\CodeIgniter->run()
 5 SYSTEMPATH\Commands\Server\rewrite.php(47): require_once('C:\\xampp\\htdocs\\merlibre\\public\\index.php')
WARNING - 2023-11-05 01:45:20 --> [DEPRECATED] Creation of dynamic property App\Controllers\ProductController::$ProductModel is deprecated in APPPATH\Controllers\ProductController.php on line 14.
 1 SYSTEMPATH\CodeIgniter.php(914): App\Controllers\ProductController->__construct()
 2 SYSTEMPATH\CodeIgniter.php(493): CodeIgniter\CodeIgniter->createController()
 3 SYSTEMPATH\CodeIgniter.php(361): CodeIgniter\CodeIgniter->handleRequest(null, Object(Config\Cache), false)
 4 FCPATH\index.php(79): CodeIgniter\CodeIgniter->run()
 5 SYSTEMPATH\Commands\Server\rewrite.php(47): require_once('C:\\xampp\\htdocs\\merlibre\\public\\index.php')
INFO - 2023-11-05 01:45:21 --> Session: Class initialized using 'CodeIgniter\Session\Handlers\FileHandler' driver.
WARNING - 2023-11-05 01:45:21 --> [DEPRECATED] Creation of dynamic property App\Controllers\ProductController::$session is deprecated in APPPATH\Controllers\ProductController.php on line 13.
 1 SYSTEMPATH\CodeIgniter.php(914): App\Controllers\ProductController->__construct()
 2 SYSTEMPATH\CodeIgniter.php(493): CodeIgniter\CodeIgniter->createController()
 3 SYSTEMPATH\CodeIgniter.php(361): CodeIgniter\CodeIgniter->handleRequest(null, Object(Config\Cache), false)
 4 FCPATH\index.php(79): CodeIgniter\CodeIgniter->run()
 5 SYSTEMPATH\Commands\Server\rewrite.php(47): require_once('C:\\xampp\\htdocs\\merlibre\\public\\index.php')
WARNING - 2023-11-05 01:45:21 --> [DEPRECATED] Creation of dynamic property App\Controllers\ProductController::$ProductModel is deprecated in APPPATH\Controllers\ProductController.php on line 14.
 1 SYSTEMPATH\CodeIgniter.php(914): App\Controllers\ProductController->__construct()
 2 SYSTEMPATH\CodeIgniter.php(493): CodeIgniter\CodeIgniter->createController()
 3 SYSTEMPATH\CodeIgniter.php(361): CodeIgniter\CodeIgniter->handleRequest(null, Object(Config\Cache), false)
 4 FCPATH\index.php(79): CodeIgniter\CodeIgniter->run()
 5 SYSTEMPATH\Commands\Server\rewrite.php(47): require_once('C:\\xampp\\htdocs\\merlibre\\public\\index.php')
CRITICAL - 2023-11-05 01:48:15 --> CodeIgniter\Router\RouteCollection::resource(): Argument #2 ($options) must be of type ?array, string given, called in C:\xampp\htdocs\merlibre\app\Config\Routes.php on line 12
in SYSTEMPATH\Router\RouteCollection.php on line 828.
 1 APPPATH\Config\Routes.php(12): CodeIgniter\Router\RouteCollection->resource('productos', 'ProductController::index')
 2 SYSTEMPATH\Router\RouteCollection.php(344): require('C:\\xampp\\htdocs\\merlibre\\app\\Config\\Routes.php')
 3 SYSTEMPATH\CodeIgniter.php(810): CodeIgniter\Router\RouteCollection->loadRoutes()
 4 SYSTEMPATH\CodeIgniter.php(450): CodeIgniter\CodeIgniter->tryToRouteIt(null)
 5 SYSTEMPATH\CodeIgniter.php(361): CodeIgniter\CodeIgniter->handleRequest(null, Object(Config\Cache), false)
 6 FCPATH\index.php(79): CodeIgniter\CodeIgniter->run()
 7 SYSTEMPATH\Commands\Server\rewrite.php(47): require_once('C:\\xampp\\htdocs\\merlibre\\public\\index.php')
CRITICAL - 2023-11-05 01:48:15 --> CodeIgniter\Router\RouteCollection::resource(): Argument #2 ($options) must be of type ?array, string given, called in C:\xampp\htdocs\merlibre\app\Config\Routes.php on line 12
in SYSTEMPATH\Router\RouteCollection.php on line 828.
 1 APPPATH\Config\Routes.php(12): CodeIgniter\Router\RouteCollection->resource('productos', 'ProductController::index')
 2 SYSTEMPATH\Router\RouteCollection.php(344): require('C:\\xampp\\htdocs\\merlibre\\app\\Config\\Routes.php')
 3 SYSTEMPATH\CodeIgniter.php(810): CodeIgniter\Router\RouteCollection->loadRoutes()
 4 SYSTEMPATH\CodeIgniter.php(450): CodeIgniter\CodeIgniter->tryToRouteIt(null)
 5 SYSTEMPATH\CodeIgniter.php(361): CodeIgniter\CodeIgniter->handleRequest(null, Object(Config\Cache), false)
 6 FCPATH\index.php(79): CodeIgniter\CodeIgniter->run()
 7 SYSTEMPATH\Commands\Server\rewrite.php(47): require_once('C:\\xampp\\htdocs\\merlibre\\public\\index.php')
INFO - 2023-11-05 01:50:02 --> Session: Class initialized using 'CodeIgniter\Session\Handlers\FileHandler' driver.
WARNING - 2023-11-05 01:50:02 --> [DEPRECATED] Creation of dynamic property App\Controllers\ProductController::$session is deprecated in APPPATH\Controllers\ProductController.php on line 13.
 1 SYSTEMPATH\CodeIgniter.php(914): App\Controllers\ProductController->__construct()
 2 SYSTEMPATH\CodeIgniter.php(493): CodeIgniter\CodeIgniter->createController()
 3 SYSTEMPATH\CodeIgniter.php(361): CodeIgniter\CodeIgniter->handleRequest(null, Object(Config\Cache), false)
 4 FCPATH\index.php(79): CodeIgniter\CodeIgniter->run()
 5 SYSTEMPATH\Commands\Server\rewrite.php(47): require_once('C:\\xampp\\htdocs\\merlibre\\public\\index.php')
WARNING - 2023-11-05 01:50:02 --> [DEPRECATED] Creation of dynamic property App\Controllers\ProductController::$ProductModel is deprecated in APPPATH\Controllers\ProductController.php on line 14.
 1 SYSTEMPATH\CodeIgniter.php(914): App\Controllers\ProductController->__construct()
 2 SYSTEMPATH\CodeIgniter.php(493): CodeIgniter\CodeIgniter->createController()
 3 SYSTEMPATH\CodeIgniter.php(361): CodeIgniter\CodeIgniter->handleRequest(null, Object(Config\Cache), false)
 4 FCPATH\index.php(79): CodeIgniter\CodeIgniter->run()
 5 SYSTEMPATH\Commands\Server\rewrite.php(47): require_once('C:\\xampp\\htdocs\\merlibre\\public\\index.php')
INFO - 2023-11-05 02:35:58 --> Session: Class initialized using 'CodeIgniter\Session\Handlers\FileHandler' driver.
WARNING - 2023-11-05 02:35:58 --> [DEPRECATED] Creation of dynamic property App\Controllers\ProductController::$session is deprecated in APPPATH\Controllers\ProductController.php on line 13.
 1 SYSTEMPATH\CodeIgniter.php(914): App\Controllers\ProductController->__construct()
 2 SYSTEMPATH\CodeIgniter.php(493): CodeIgniter\CodeIgniter->createController()
 3 SYSTEMPATH\CodeIgniter.php(361): CodeIgniter\CodeIgniter->handleRequest(null, Object(Config\Cache), false)
 4 FCPATH\index.php(79): CodeIgniter\CodeIgniter->run()
 5 SYSTEMPATH\Commands\Server\rewrite.php(47): require_once('C:\\xampp\\htdocs\\merlibre\\public\\index.php')
WARNING - 2023-11-05 02:35:58 --> [DEPRECATED] Creation of dynamic property App\Controllers\ProductController::$ProductModel is deprecated in APPPATH\Controllers\ProductController.php on line 14.
 1 SYSTEMPATH\CodeIgniter.php(914): App\Controllers\ProductController->__construct()
 2 SYSTEMPATH\CodeIgniter.php(493): CodeIgniter\CodeIgniter->createController()
 3 SYSTEMPATH\CodeIgniter.php(361): CodeIgniter\CodeIgniter->handleRequest(null, Object(Config\Cache), false)
 4 FCPATH\index.php(79): CodeIgniter\CodeIgniter->run()
 5 SYSTEMPATH\Commands\Server\rewrite.php(47): require_once('C:\\xampp\\htdocs\\merlibre\\public\\index.php')
INFO - 2023-11-05 02:49:19 --> Session: Class initialized using 'CodeIgniter\Session\Handlers\FileHandler' driver.
WARNING - 2023-11-05 02:49:19 --> [DEPRECATED] Creation of dynamic property App\Controllers\ProductController::$session is deprecated in APPPATH\Controllers\ProductController.php on line 13.
 1 SYSTEMPATH\CodeIgniter.php(914): App\Controllers\ProductController->__construct()
 2 SYSTEMPATH\CodeIgniter.php(493): CodeIgniter\CodeIgniter->createController()
 3 SYSTEMPATH\CodeIgniter.php(361): CodeIgniter\CodeIgniter->handleRequest(null, Object(Config\Cache), false)
 4 FCPATH\index.php(79): CodeIgniter\CodeIgniter->run()
 5 SYSTEMPATH\Commands\Server\rewrite.php(47): require_once('C:\\xampp\\htdocs\\merlibre\\public\\index.php')
WARNING - 2023-11-05 02:49:19 --> [DEPRECATED] Creation of dynamic property App\Controllers\ProductController::$ProductModel is deprecated in APPPATH\Controllers\ProductController.php on line 14.
 1 SYSTEMPATH\CodeIgniter.php(914): App\Controllers\ProductController->__construct()
 2 SYSTEMPATH\CodeIgniter.php(493): CodeIgniter\CodeIgniter->createController()
 3 SYSTEMPATH\CodeIgniter.php(361): CodeIgniter\CodeIgniter->handleRequest(null, Object(Config\Cache), false)
 4 FCPATH\index.php(79): CodeIgniter\CodeIgniter->run()
 5 SYSTEMPATH\Commands\Server\rewrite.php(47): require_once('C:\\xampp\\htdocs\\merlibre\\public\\index.php')
INFO - 2023-11-05 03:47:28 --> Session: Class initialized using 'CodeIgniter\Session\Handlers\FileHandler' driver.
WARNING - 2023-11-05 03:47:28 --> [DEPRECATED] Creation of dynamic property App\Controllers\ProductController::$session is deprecated in APPPATH\Controllers\ProductController.php on line 13.
 1 SYSTEMPATH\CodeIgniter.php(914): App\Controllers\ProductController->__construct()
 2 SYSTEMPATH\CodeIgniter.php(493): CodeIgniter\CodeIgniter->createController()
 3 SYSTEMPATH\CodeIgniter.php(361): CodeIgniter\CodeIgniter->handleRequest(null, Object(Config\Cache), false)
 4 FCPATH\index.php(79): CodeIgniter\CodeIgniter->run()
 5 SYSTEMPATH\Commands\Server\rewrite.php(47): require_once('C:\\xampp\\htdocs\\merlibre\\public\\index.php')
WARNING - 2023-11-05 03:47:28 --> [DEPRECATED] Creation of dynamic property App\Controllers\ProductController::$ProductModel is deprecated in APPPATH\Controllers\ProductController.php on line 14.
 1 SYSTEMPATH\CodeIgniter.php(914): App\Controllers\ProductController->__construct()
 2 SYSTEMPATH\CodeIgniter.php(493): CodeIgniter\CodeIgniter->createController()
 3 SYSTEMPATH\CodeIgniter.php(361): CodeIgniter\CodeIgniter->handleRequest(null, Object(Config\Cache), false)
 4 FCPATH\index.php(79): CodeIgniter\CodeIgniter->run()
 5 SYSTEMPATH\Commands\Server\rewrite.php(47): require_once('C:\\xampp\\htdocs\\merlibre\\public\\index.php')
ERROR - 2023-11-05 03:47:28 --> mysqli_sql_exception: Unknown column 'id' in 'order clause' in C:\xampp\htdocs\merlibre\system\Database\MySQLi\Connection.php:306
Stack trace:
#0 C:\xampp\htdocs\merlibre\system\Database\MySQLi\Connection.php(306): mysqli->query('SELECT *\nFROM `...', 0)
#1 C:\xampp\htdocs\merlibre\system\Database\BaseConnection.php(693): CodeIgniter\Database\MySQLi\Connection->execute('SELECT *\nFROM `...')
#2 C:\xampp\htdocs\merlibre\system\Database\BaseConnection.php(607): CodeIgniter\Database\BaseConnection->simpleQuery('SELECT *\nFROM `...')
#3 C:\xampp\htdocs\merlibre\system\Database\BaseBuilder.php(1615): CodeIgniter\Database\BaseConnection->query('SELECT *\nFROM `...', Array, false)
#4 C:\xampp\htdocs\merlibre\system\Model.php(237): CodeIgniter\Database\BaseBuilder->get()
#5 C:\xampp\htdocs\merlibre\system\BaseModel.php(624): CodeIgniter\Model->doFindAll(0, 0)
#6 C:\xampp\htdocs\merlibre\app\Controllers\ProductController.php(24): CodeIgniter\BaseModel->findAll()
#7 C:\xampp\htdocs\merlibre\system\CodeIgniter.php(942): App\Controllers\ProductController->index()
#8 C:\xampp\htdocs\merlibre\system\CodeIgniter.php(502): CodeIgniter\CodeIgniter->runController(Object(App\Controllers\ProductController))
#9 C:\xampp\htdocs\merlibre\system\CodeIgniter.php(361): CodeIgniter\CodeIgniter->handleRequest(NULL, Object(Config\Cache), false)
#10 C:\xampp\htdocs\merlibre\public\index.php(79): CodeIgniter\CodeIgniter->run()
#11 C:\xampp\htdocs\merlibre\system\Commands\Server\rewrite.php(47): require_once('C:\\xampp\\htdocs...')
#12 {main}
CRITICAL - 2023-11-05 03:47:28 --> Unknown column 'id' in 'order clause'
in SYSTEMPATH\Database\BaseConnection.php on line 647.
 1 SYSTEMPATH\Database\BaseBuilder.php(1615): CodeIgniter\Database\BaseConnection->query('SELECT *
FROM `productos`
ORDER BY `id` DESC', [], false)
 2 SYSTEMPATH\Model.php(237): CodeIgniter\Database\BaseBuilder->get()
 3 SYSTEMPATH\BaseModel.php(624): CodeIgniter\Model->doFindAll(0, 0)
 4 APPPATH\Controllers\ProductController.php(24): CodeIgniter\BaseModel->findAll()
 5 SYSTEMPATH\CodeIgniter.php(942): App\Controllers\ProductController->index()
 6 SYSTEMPATH\CodeIgniter.php(502): CodeIgniter\CodeIgniter->runController(Object(App\Controllers\ProductController))
 7 SYSTEMPATH\CodeIgniter.php(361): CodeIgniter\CodeIgniter->handleRequest(null, Object(Config\Cache), false)
 8 FCPATH\index.php(79): CodeIgniter\CodeIgniter->run()
 9 SYSTEMPATH\Commands\Server\rewrite.php(47): require_once('C:\\xampp\\htdocs\\merlibre\\public\\index.php')
INFO - 2023-11-05 03:48:45 --> Session: Class initialized using 'CodeIgniter\Session\Handlers\FileHandler' driver.
WARNING - 2023-11-05 03:48:45 --> [DEPRECATED] Creation of dynamic property App\Controllers\ProductController::$session is deprecated in APPPATH\Controllers\ProductController.php on line 13.
 1 SYSTEMPATH\CodeIgniter.php(914): App\Controllers\ProductController->__construct()
 2 SYSTEMPATH\CodeIgniter.php(493): CodeIgniter\CodeIgniter->createController()
 3 SYSTEMPATH\CodeIgniter.php(361): CodeIgniter\CodeIgniter->handleRequest(null, Object(Config\Cache), false)
 4 FCPATH\index.php(79): CodeIgniter\CodeIgniter->run()
 5 SYSTEMPATH\Commands\Server\rewrite.php(47): require_once('C:\\xampp\\htdocs\\merlibre\\public\\index.php')
WARNING - 2023-11-05 03:48:45 --> [DEPRECATED] Creation of dynamic property App\Controllers\ProductController::$ProductModel is deprecated in APPPATH\Controllers\ProductController.php on line 14.
 1 SYSTEMPATH\CodeIgniter.php(914): App\Controllers\ProductController->__construct()
 2 SYSTEMPATH\CodeIgniter.php(493): CodeIgniter\CodeIgniter->createController()
 3 SYSTEMPATH\CodeIgniter.php(361): CodeIgniter\CodeIgniter->handleRequest(null, Object(Config\Cache), false)
 4 FCPATH\index.php(79): CodeIgniter\CodeIgniter->run()
 5 SYSTEMPATH\Commands\Server\rewrite.php(47): require_once('C:\\xampp\\htdocs\\merlibre\\public\\index.php')
ERROR - 2023-11-05 03:48:45 --> mysqli_sql_exception: Unknown column 'id' in 'order clause' in C:\xampp\htdocs\merlibre\system\Database\MySQLi\Connection.php:306
Stack trace:
#0 C:\xampp\htdocs\merlibre\system\Database\MySQLi\Connection.php(306): mysqli->query('SELECT *\nFROM `...', 0)
#1 C:\xampp\htdocs\merlibre\system\Database\BaseConnection.php(693): CodeIgniter\Database\MySQLi\Connection->execute('SELECT *\nFROM `...')
#2 C:\xampp\htdocs\merlibre\system\Database\BaseConnection.php(607): CodeIgniter\Database\BaseConnection->simpleQuery('SELECT *\nFROM `...')
#3 C:\xampp\htdocs\merlibre\system\Database\BaseBuilder.php(1615): CodeIgniter\Database\BaseConnection->query('SELECT *\nFROM `...', Array, false)
#4 C:\xampp\htdocs\merlibre\system\Model.php(237): CodeIgniter\Database\BaseBuilder->get()
#5 C:\xampp\htdocs\merlibre\system\BaseModel.php(624): CodeIgniter\Model->doFindAll(0, 0)
#6 C:\xampp\htdocs\merlibre\app\Controllers\ProductController.php(24): CodeIgniter\BaseModel->findAll()
#7 C:\xampp\htdocs\merlibre\system\CodeIgniter.php(942): App\Controllers\ProductController->index()
#8 C:\xampp\htdocs\merlibre\system\CodeIgniter.php(502): CodeIgniter\CodeIgniter->runController(Object(App\Controllers\ProductController))
#9 C:\xampp\htdocs\merlibre\system\CodeIgniter.php(361): CodeIgniter\CodeIgniter->handleRequest(NULL, Object(Config\Cache), false)
#10 C:\xampp\htdocs\merlibre\public\index.php(79): CodeIgniter\CodeIgniter->run()
#11 C:\xampp\htdocs\merlibre\system\Commands\Server\rewrite.php(47): require_once('C:\\xampp\\htdocs...')
#12 {main}
CRITICAL - 2023-11-05 03:48:45 --> Unknown column 'id' in 'order clause'
in SYSTEMPATH\Database\BaseConnection.php on line 647.
 1 SYSTEMPATH\Database\BaseBuilder.php(1615): CodeIgniter\Database\BaseConnection->query('SELECT *
FROM `productos`
ORDER BY `id` DESC', [], false)
 2 SYSTEMPATH\Model.php(237): CodeIgniter\Database\BaseBuilder->get()
 3 SYSTEMPATH\BaseModel.php(624): CodeIgniter\Model->doFindAll(0, 0)
 4 APPPATH\Controllers\ProductController.php(24): CodeIgniter\BaseModel->findAll()
 5 SYSTEMPATH\CodeIgniter.php(942): App\Controllers\ProductController->index()
 6 SYSTEMPATH\CodeIgniter.php(502): CodeIgniter\CodeIgniter->runController(Object(App\Controllers\ProductController))
 7 SYSTEMPATH\CodeIgniter.php(361): CodeIgniter\CodeIgniter->handleRequest(null, Object(Config\Cache), false)
 8 FCPATH\index.php(79): CodeIgniter\CodeIgniter->run()
 9 SYSTEMPATH\Commands\Server\rewrite.php(47): require_once('C:\\xampp\\htdocs\\merlibre\\public\\index.php')
INFO - 2023-11-05 03:49:13 --> Session: Class initialized using 'CodeIgniter\Session\Handlers\FileHandler' driver.
WARNING - 2023-11-05 03:49:13 --> [DEPRECATED] Creation of dynamic property App\Controllers\ProductController::$session is deprecated in APPPATH\Controllers\ProductController.php on line 13.
 1 SYSTEMPATH\CodeIgniter.php(914): App\Controllers\ProductController->__construct()
 2 SYSTEMPATH\CodeIgniter.php(493): CodeIgniter\CodeIgniter->createController()
 3 SYSTEMPATH\CodeIgniter.php(361): CodeIgniter\CodeIgniter->handleRequest(null, Object(Config\Cache), false)
 4 FCPATH\index.php(79): CodeIgniter\CodeIgniter->run()
 5 SYSTEMPATH\Commands\Server\rewrite.php(47): require_once('C:\\xampp\\htdocs\\merlibre\\public\\index.php')
WARNING - 2023-11-05 03:49:13 --> [DEPRECATED] Creation of dynamic property App\Controllers\ProductController::$ProductModel is deprecated in APPPATH\Controllers\ProductController.php on line 14.
 1 SYSTEMPATH\CodeIgniter.php(914): App\Controllers\ProductController->__construct()
 2 SYSTEMPATH\CodeIgniter.php(493): CodeIgniter\CodeIgniter->createController()
 3 SYSTEMPATH\CodeIgniter.php(361): CodeIgniter\CodeIgniter->handleRequest(null, Object(Config\Cache), false)
 4 FCPATH\index.php(79): CodeIgniter\CodeIgniter->run()
 5 SYSTEMPATH\Commands\Server\rewrite.php(47): require_once('C:\\xampp\\htdocs\\merlibre\\public\\index.php')
ERROR - 2023-11-05 03:49:13 --> mysqli_sql_exception: Unknown column 'id_productos' in 'order clause' in C:\xampp\htdocs\merlibre\system\Database\MySQLi\Connection.php:306
Stack trace:
#0 C:\xampp\htdocs\merlibre\system\Database\MySQLi\Connection.php(306): mysqli->query('SELECT *\nFROM `...', 0)
#1 C:\xampp\htdocs\merlibre\system\Database\BaseConnection.php(693): CodeIgniter\Database\MySQLi\Connection->execute('SELECT *\nFROM `...')
#2 C:\xampp\htdocs\merlibre\system\Database\BaseConnection.php(607): CodeIgniter\Database\BaseConnection->simpleQuery('SELECT *\nFROM `...')
#3 C:\xampp\htdocs\merlibre\system\Database\BaseBuilder.php(1615): CodeIgniter\Database\BaseConnection->query('SELECT *\nFROM `...', Array, false)
#4 C:\xampp\htdocs\merlibre\system\Model.php(237): CodeIgniter\Database\BaseBuilder->get()
#5 C:\xampp\htdocs\merlibre\system\BaseModel.php(624): CodeIgniter\Model->doFindAll(0, 0)
#6 C:\xampp\htdocs\merlibre\app\Controllers\ProductController.php(24): CodeIgniter\BaseModel->findAll()
#7 C:\xampp\htdocs\merlibre\system\CodeIgniter.php(942): App\Controllers\ProductController->index()
#8 C:\xampp\htdocs\merlibre\system\CodeIgniter.php(502): CodeIgniter\CodeIgniter->runController(Object(App\Controllers\ProductController))
#9 C:\xampp\htdocs\merlibre\system\CodeIgniter.php(361): CodeIgniter\CodeIgniter->handleRequest(NULL, Object(Config\Cache), false)
#10 C:\xampp\htdocs\merlibre\public\index.php(79): CodeIgniter\CodeIgniter->run()
#11 C:\xampp\htdocs\merlibre\system\Commands\Server\rewrite.php(47): require_once('C:\\xampp\\htdocs...')
#12 {main}
CRITICAL - 2023-11-05 03:49:13 --> Unknown column 'id_productos' in 'order clause'
in SYSTEMPATH\Database\BaseConnection.php on line 647.
 1 SYSTEMPATH\Database\BaseBuilder.php(1615): CodeIgniter\Database\BaseConnection->query('SELECT *
FROM `productos`
ORDER BY `id_productos` DESC', [], false)
 2 SYSTEMPATH\Model.php(237): CodeIgniter\Database\BaseBuilder->get()
 3 SYSTEMPATH\BaseModel.php(624): CodeIgniter\Model->doFindAll(0, 0)
 4 APPPATH\Controllers\ProductController.php(24): CodeIgniter\BaseModel->findAll()
 5 SYSTEMPATH\CodeIgniter.php(942): App\Controllers\ProductController->index()
 6 SYSTEMPATH\CodeIgniter.php(502): CodeIgniter\CodeIgniter->runController(Object(App\Controllers\ProductController))
 7 SYSTEMPATH\CodeIgniter.php(361): CodeIgniter\CodeIgniter->handleRequest(null, Object(Config\Cache), false)
 8 FCPATH\index.php(79): CodeIgniter\CodeIgniter->run()
 9 SYSTEMPATH\Commands\Server\rewrite.php(47): require_once('C:\\xampp\\htdocs\\merlibre\\public\\index.php')
INFO - 2023-11-05 03:49:14 --> Session: Class initialized using 'CodeIgniter\Session\Handlers\FileHandler' driver.
WARNING - 2023-11-05 03:49:14 --> [DEPRECATED] Creation of dynamic property App\Controllers\ProductController::$session is deprecated in APPPATH\Controllers\ProductController.php on line 13.
 1 SYSTEMPATH\CodeIgniter.php(914): App\Controllers\ProductController->__construct()
 2 SYSTEMPATH\CodeIgniter.php(493): CodeIgniter\CodeIgniter->createController()
 3 SYSTEMPATH\CodeIgniter.php(361): CodeIgniter\CodeIgniter->handleRequest(null, Object(Config\Cache), false)
 4 FCPATH\index.php(79): CodeIgniter\CodeIgniter->run()
 5 SYSTEMPATH\Commands\Server\rewrite.php(47): require_once('C:\\xampp\\htdocs\\merlibre\\public\\index.php')
WARNING - 2023-11-05 03:49:14 --> [DEPRECATED] Creation of dynamic property App\Controllers\ProductController::$ProductModel is deprecated in APPPATH\Controllers\ProductController.php on line 14.
 1 SYSTEMPATH\CodeIgniter.php(914): App\Controllers\ProductController->__construct()
 2 SYSTEMPATH\CodeIgniter.php(493): CodeIgniter\CodeIgniter->createController()
 3 SYSTEMPATH\CodeIgniter.php(361): CodeIgniter\CodeIgniter->handleRequest(null, Object(Config\Cache), false)
 4 FCPATH\index.php(79): CodeIgniter\CodeIgniter->run()
 5 SYSTEMPATH\Commands\Server\rewrite.php(47): require_once('C:\\xampp\\htdocs\\merlibre\\public\\index.php')
ERROR - 2023-11-05 03:49:14 --> mysqli_sql_exception: Unknown column 'id_productos' in 'order clause' in C:\xampp\htdocs\merlibre\system\Database\MySQLi\Connection.php:306
Stack trace:
#0 C:\xampp\htdocs\merlibre\system\Database\MySQLi\Connection.php(306): mysqli->query('SELECT *\nFROM `...', 0)
#1 C:\xampp\htdocs\merlibre\system\Database\BaseConnection.php(693): CodeIgniter\Database\MySQLi\Connection->execute('SELECT *\nFROM `...')
#2 C:\xampp\htdocs\merlibre\system\Database\BaseConnection.php(607): CodeIgniter\Database\BaseConnection->simpleQuery('SELECT *\nFROM `...')
#3 C:\xampp\htdocs\merlibre\system\Database\BaseBuilder.php(1615): CodeIgniter\Database\BaseConnection->query('SELECT *\nFROM `...', Array, false)
#4 C:\xampp\htdocs\merlibre\system\Model.php(237): CodeIgniter\Database\BaseBuilder->get()
#5 C:\xampp\htdocs\merlibre\system\BaseModel.php(624): CodeIgniter\Model->doFindAll(0, 0)
#6 C:\xampp\htdocs\merlibre\app\Controllers\ProductController.php(24): CodeIgniter\BaseModel->findAll()
#7 C:\xampp\htdocs\merlibre\system\CodeIgniter.php(942): App\Controllers\ProductController->index()
#8 C:\xampp\htdocs\merlibre\system\CodeIgniter.php(502): CodeIgniter\CodeIgniter->runController(Object(App\Controllers\ProductController))
#9 C:\xampp\htdocs\merlibre\system\CodeIgniter.php(361): CodeIgniter\CodeIgniter->handleRequest(NULL, Object(Config\Cache), false)
#10 C:\xampp\htdocs\merlibre\public\index.php(79): CodeIgniter\CodeIgniter->run()
#11 C:\xampp\htdocs\merlibre\system\Commands\Server\rewrite.php(47): require_once('C:\\xampp\\htdocs...')
#12 {main}
CRITICAL - 2023-11-05 03:49:14 --> Unknown column 'id_productos' in 'order clause'
in SYSTEMPATH\Database\BaseConnection.php on line 647.
 1 SYSTEMPATH\Database\BaseBuilder.php(1615): CodeIgniter\Database\BaseConnection->query('SELECT *
FROM `productos`
ORDER BY `id_productos` DESC', [], false)
 2 SYSTEMPATH\Model.php(237): CodeIgniter\Database\BaseBuilder->get()
 3 SYSTEMPATH\BaseModel.php(624): CodeIgniter\Model->doFindAll(0, 0)
 4 APPPATH\Controllers\ProductController.php(24): CodeIgniter\BaseModel->findAll()
 5 SYSTEMPATH\CodeIgniter.php(942): App\Controllers\ProductController->index()
 6 SYSTEMPATH\CodeIgniter.php(502): CodeIgniter\CodeIgniter->runController(Object(App\Controllers\ProductController))
 7 SYSTEMPATH\CodeIgniter.php(361): CodeIgniter\CodeIgniter->handleRequest(null, Object(Config\Cache), false)
 8 FCPATH\index.php(79): CodeIgniter\CodeIgniter->run()
 9 SYSTEMPATH\Commands\Server\rewrite.php(47): require_once('C:\\xampp\\htdocs\\merlibre\\public\\index.php')
INFO - 2023-11-05 03:49:15 --> Session: Class initialized using 'CodeIgniter\Session\Handlers\FileHandler' driver.
WARNING - 2023-11-05 03:49:15 --> [DEPRECATED] Creation of dynamic property App\Controllers\ProductController::$session is deprecated in APPPATH\Controllers\ProductController.php on line 13.
 1 SYSTEMPATH\CodeIgniter.php(914): App\Controllers\ProductController->__construct()
 2 SYSTEMPATH\CodeIgniter.php(493): CodeIgniter\CodeIgniter->createController()
 3 SYSTEMPATH\CodeIgniter.php(361): CodeIgniter\CodeIgniter->handleRequest(null, Object(Config\Cache), false)
 4 FCPATH\index.php(79): CodeIgniter\CodeIgniter->run()
 5 SYSTEMPATH\Commands\Server\rewrite.php(47): require_once('C:\\xampp\\htdocs\\merlibre\\public\\index.php')
WARNING - 2023-11-05 03:49:15 --> [DEPRECATED] Creation of dynamic property App\Controllers\ProductController::$ProductModel is deprecated in APPPATH\Controllers\ProductController.php on line 14.
 1 SYSTEMPATH\CodeIgniter.php(914): App\Controllers\ProductController->__construct()
 2 SYSTEMPATH\CodeIgniter.php(493): CodeIgniter\CodeIgniter->createController()
 3 SYSTEMPATH\CodeIgniter.php(361): CodeIgniter\CodeIgniter->handleRequest(null, Object(Config\Cache), false)
 4 FCPATH\index.php(79): CodeIgniter\CodeIgniter->run()
 5 SYSTEMPATH\Commands\Server\rewrite.php(47): require_once('C:\\xampp\\htdocs\\merlibre\\public\\index.php')
ERROR - 2023-11-05 03:49:15 --> mysqli_sql_exception: Unknown column 'id_productos' in 'order clause' in C:\xampp\htdocs\merlibre\system\Database\MySQLi\Connection.php:306
Stack trace:
#0 C:\xampp\htdocs\merlibre\system\Database\MySQLi\Connection.php(306): mysqli->query('SELECT *\nFROM `...', 0)
#1 C:\xampp\htdocs\merlibre\system\Database\BaseConnection.php(693): CodeIgniter\Database\MySQLi\Connection->execute('SELECT *\nFROM `...')
#2 C:\xampp\htdocs\merlibre\system\Database\BaseConnection.php(607): CodeIgniter\Database\BaseConnection->simpleQuery('SELECT *\nFROM `...')
#3 C:\xampp\htdocs\merlibre\system\Database\BaseBuilder.php(1615): CodeIgniter\Database\BaseConnection->query('SELECT *\nFROM `...', Array, false)
#4 C:\xampp\htdocs\merlibre\system\Model.php(237): CodeIgniter\Database\BaseBuilder->get()
#5 C:\xampp\htdocs\merlibre\system\BaseModel.php(624): CodeIgniter\Model->doFindAll(0, 0)
#6 C:\xampp\htdocs\merlibre\app\Controllers\ProductController.php(24): CodeIgniter\BaseModel->findAll()
#7 C:\xampp\htdocs\merlibre\system\CodeIgniter.php(942): App\Controllers\ProductController->index()
#8 C:\xampp\htdocs\merlibre\system\CodeIgniter.php(502): CodeIgniter\CodeIgniter->runController(Object(App\Controllers\ProductController))
#9 C:\xampp\htdocs\merlibre\system\CodeIgniter.php(361): CodeIgniter\CodeIgniter->handleRequest(NULL, Object(Config\Cache), false)
#10 C:\xampp\htdocs\merlibre\public\index.php(79): CodeIgniter\CodeIgniter->run()
#11 C:\xampp\htdocs\merlibre\system\Commands\Server\rewrite.php(47): require_once('C:\\xampp\\htdocs...')
#12 {main}
CRITICAL - 2023-11-05 03:49:15 --> Unknown column 'id_productos' in 'order clause'
in SYSTEMPATH\Database\BaseConnection.php on line 647.
 1 SYSTEMPATH\Database\BaseBuilder.php(1615): CodeIgniter\Database\BaseConnection->query('SELECT *
FROM `productos`
ORDER BY `id_productos` DESC', [], false)
 2 SYSTEMPATH\Model.php(237): CodeIgniter\Database\BaseBuilder->get()
 3 SYSTEMPATH\BaseModel.php(624): CodeIgniter\Model->doFindAll(0, 0)
 4 APPPATH\Controllers\ProductController.php(24): CodeIgniter\BaseModel->findAll()
 5 SYSTEMPATH\CodeIgniter.php(942): App\Controllers\ProductController->index()
 6 SYSTEMPATH\CodeIgniter.php(502): CodeIgniter\CodeIgniter->runController(Object(App\Controllers\ProductController))
 7 SYSTEMPATH\CodeIgniter.php(361): CodeIgniter\CodeIgniter->handleRequest(null, Object(Config\Cache), false)
 8 FCPATH\index.php(79): CodeIgniter\CodeIgniter->run()
 9 SYSTEMPATH\Commands\Server\rewrite.php(47): require_once('C:\\xampp\\htdocs\\merlibre\\public\\index.php')
INFO - 2023-11-05 03:49:29 --> Session: Class initialized using 'CodeIgniter\Session\Handlers\FileHandler' driver.
WARNING - 2023-11-05 03:49:29 --> [DEPRECATED] Creation of dynamic property App\Controllers\ProductController::$session is deprecated in APPPATH\Controllers\ProductController.php on line 13.
 1 SYSTEMPATH\CodeIgniter.php(914): App\Controllers\ProductController->__construct()
 2 SYSTEMPATH\CodeIgniter.php(493): CodeIgniter\CodeIgniter->createController()
 3 SYSTEMPATH\CodeIgniter.php(361): CodeIgniter\CodeIgniter->handleRequest(null, Object(Config\Cache), false)
 4 FCPATH\index.php(79): CodeIgniter\CodeIgniter->run()
 5 SYSTEMPATH\Commands\Server\rewrite.php(47): require_once('C:\\xampp\\htdocs\\merlibre\\public\\index.php')
WARNING - 2023-11-05 03:49:29 --> [DEPRECATED] Creation of dynamic property App\Controllers\ProductController::$ProductModel is deprecated in APPPATH\Controllers\ProductController.php on line 14.
 1 SYSTEMPATH\CodeIgniter.php(914): App\Controllers\ProductController->__construct()
 2 SYSTEMPATH\CodeIgniter.php(493): CodeIgniter\CodeIgniter->createController()
 3 SYSTEMPATH\CodeIgniter.php(361): CodeIgniter\CodeIgniter->handleRequest(null, Object(Config\Cache), false)
 4 FCPATH\index.php(79): CodeIgniter\CodeIgniter->run()
 5 SYSTEMPATH\Commands\Server\rewrite.php(47): require_once('C:\\xampp\\htdocs\\merlibre\\public\\index.php')
CRITICAL - 2023-11-05 03:49:57 --> preg_match(): Compilation failed: unmatched closing parenthesis at offset 19
in SYSTEMPATH\Router\Router.php on line 424.
 1 [internal function]: CodeIgniter\Debug\Exceptions->errorHandler(2, 'preg_match(): Compilation failed: unmatched closing parenthesis at offset 19', 'C:\\xampp\\htdocs\\merlibre\\system\\Router\\Router.php', 424)
 2 SYSTEMPATH\Router\Router.php(424): preg_match('#^productos/([0-9]+))$#u', 'productos/2', [])
 3 SYSTEMPATH\Router\Router.php(186): CodeIgniter\Router\Router->checkRoutes('productos/2')
 4 SYSTEMPATH\CodeIgniter.php(823): CodeIgniter\Router\Router->handle('productos/2')
 5 SYSTEMPATH\CodeIgniter.php(450): CodeIgniter\CodeIgniter->tryToRouteIt(Object(CodeIgniter\Router\RouteCollection))
 6 SYSTEMPATH\CodeIgniter.php(361): CodeIgniter\CodeIgniter->handleRequest(null, Object(Config\Cache), false)
 7 FCPATH\index.php(79): CodeIgniter\CodeIgniter->run()
 8 SYSTEMPATH\Commands\Server\rewrite.php(47): require_once('C:\\xampp\\htdocs\\merlibre\\public\\index.php')
INFO - 2023-11-05 03:50:05 --> Session: Class initialized using 'CodeIgniter\Session\Handlers\FileHandler' driver.
WARNING - 2023-11-05 03:50:05 --> [DEPRECATED] Creation of dynamic property App\Controllers\ProductController::$session is deprecated in APPPATH\Controllers\ProductController.php on line 13.
 1 SYSTEMPATH\CodeIgniter.php(914): App\Controllers\ProductController->__construct()
 2 SYSTEMPATH\CodeIgniter.php(493): CodeIgniter\CodeIgniter->createController()
 3 SYSTEMPATH\CodeIgniter.php(361): CodeIgniter\CodeIgniter->handleRequest(null, Object(Config\Cache), false)
 4 FCPATH\index.php(79): CodeIgniter\CodeIgniter->run()
 5 SYSTEMPATH\Commands\Server\rewrite.php(47): require_once('C:\\xampp\\htdocs\\merlibre\\public\\index.php')
WARNING - 2023-11-05 03:50:05 --> [DEPRECATED] Creation of dynamic property App\Controllers\ProductController::$ProductModel is deprecated in APPPATH\Controllers\ProductController.php on line 14.
 1 SYSTEMPATH\CodeIgniter.php(914): App\Controllers\ProductController->__construct()
 2 SYSTEMPATH\CodeIgniter.php(493): CodeIgniter\CodeIgniter->createController()
 3 SYSTEMPATH\CodeIgniter.php(361): CodeIgniter\CodeIgniter->handleRequest(null, Object(Config\Cache), false)
 4 FCPATH\index.php(79): CodeIgniter\CodeIgniter->run()
 5 SYSTEMPATH\Commands\Server\rewrite.php(47): require_once('C:\\xampp\\htdocs\\merlibre\\public\\index.php')
CRITICAL - 2023-11-05 03:50:07 --> preg_match(): Compilation failed: unmatched closing parenthesis at offset 19
in SYSTEMPATH\Router\Router.php on line 424.
 1 [internal function]: CodeIgniter\Debug\Exceptions->errorHandler(2, 'preg_match(): Compilation failed: unmatched closing parenthesis at offset 19', 'C:\\xampp\\htdocs\\merlibre\\system\\Router\\Router.php', 424)
 2 SYSTEMPATH\Router\Router.php(424): preg_match('#^productos/([0-9]+))$#u', 'productos/edit2', [])
 3 SYSTEMPATH\Router\Router.php(186): CodeIgniter\Router\Router->checkRoutes('productos/edit2')
 4 SYSTEMPATH\CodeIgniter.php(823): CodeIgniter\Router\Router->handle('productos/edit2')
 5 SYSTEMPATH\CodeIgniter.php(450): CodeIgniter\CodeIgniter->tryToRouteIt(Object(CodeIgniter\Router\RouteCollection))
 6 SYSTEMPATH\CodeIgniter.php(361): CodeIgniter\CodeIgniter->handleRequest(null, Object(Config\Cache), false)
 7 FCPATH\index.php(79): CodeIgniter\CodeIgniter->run()
 8 SYSTEMPATH\Commands\Server\rewrite.php(47): require_once('C:\\xampp\\htdocs\\merlibre\\public\\index.php')
INFO - 2023-11-05 03:50:08 --> Session: Class initialized using 'CodeIgniter\Session\Handlers\FileHandler' driver.
WARNING - 2023-11-05 03:50:08 --> [DEPRECATED] Creation of dynamic property App\Controllers\ProductController::$session is deprecated in APPPATH\Controllers\ProductController.php on line 13.
 1 SYSTEMPATH\CodeIgniter.php(914): App\Controllers\ProductController->__construct()
 2 SYSTEMPATH\CodeIgniter.php(493): CodeIgniter\CodeIgniter->createController()
 3 SYSTEMPATH\CodeIgniter.php(361): CodeIgniter\CodeIgniter->handleRequest(null, Object(Config\Cache), false)
 4 FCPATH\index.php(79): CodeIgniter\CodeIgniter->run()
 5 SYSTEMPATH\Commands\Server\rewrite.php(47): require_once('C:\\xampp\\htdocs\\merlibre\\public\\index.php')
WARNING - 2023-11-05 03:50:08 --> [DEPRECATED] Creation of dynamic property App\Controllers\ProductController::$ProductModel is deprecated in APPPATH\Controllers\ProductController.php on line 14.
 1 SYSTEMPATH\CodeIgniter.php(914): App\Controllers\ProductController->__construct()
 2 SYSTEMPATH\CodeIgniter.php(493): CodeIgniter\CodeIgniter->createController()
 3 SYSTEMPATH\CodeIgniter.php(361): CodeIgniter\CodeIgniter->handleRequest(null, Object(Config\Cache), false)
 4 FCPATH\index.php(79): CodeIgniter\CodeIgniter->run()
 5 SYSTEMPATH\Commands\Server\rewrite.php(47): require_once('C:\\xampp\\htdocs\\merlibre\\public\\index.php')
INFO - 2023-11-05 03:50:09 --> Session: Class initialized using 'CodeIgniter\Session\Handlers\FileHandler' driver.
WARNING - 2023-11-05 03:50:09 --> [DEPRECATED] Creation of dynamic property App\Controllers\ProductController::$session is deprecated in APPPATH\Controllers\ProductController.php on line 13.
 1 SYSTEMPATH\CodeIgniter.php(914): App\Controllers\ProductController->__construct()
 2 SYSTEMPATH\CodeIgniter.php(493): CodeIgniter\CodeIgniter->createController()
 3 SYSTEMPATH\CodeIgniter.php(361): CodeIgniter\CodeIgniter->handleRequest(null, Object(Config\Cache), false)
 4 FCPATH\index.php(79): CodeIgniter\CodeIgniter->run()
 5 SYSTEMPATH\Commands\Server\rewrite.php(47): require_once('C:\\xampp\\htdocs\\merlibre\\public\\index.php')
WARNING - 2023-11-05 03:50:09 --> [DEPRECATED] Creation of dynamic property App\Controllers\ProductController::$ProductModel is deprecated in APPPATH\Controllers\ProductController.php on line 14.
 1 SYSTEMPATH\CodeIgniter.php(914): App\Controllers\ProductController->__construct()
 2 SYSTEMPATH\CodeIgniter.php(493): CodeIgniter\CodeIgniter->createController()
 3 SYSTEMPATH\CodeIgniter.php(361): CodeIgniter\CodeIgniter->handleRequest(null, Object(Config\Cache), false)
 4 FCPATH\index.php(79): CodeIgniter\CodeIgniter->run()
 5 SYSTEMPATH\Commands\Server\rewrite.php(47): require_once('C:\\xampp\\htdocs\\merlibre\\public\\index.php')
INFO - 2023-11-05 03:50:11 --> Session: Class initialized using 'CodeIgniter\Session\Handlers\FileHandler' driver.
WARNING - 2023-11-05 03:50:11 --> [DEPRECATED] Creation of dynamic property App\Controllers\ProductController::$session is deprecated in APPPATH\Controllers\ProductController.php on line 13.
 1 SYSTEMPATH\CodeIgniter.php(914): App\Controllers\ProductController->__construct()
 2 SYSTEMPATH\CodeIgniter.php(493): CodeIgniter\CodeIgniter->createController()
 3 SYSTEMPATH\CodeIgniter.php(361): CodeIgniter\CodeIgniter->handleRequest(null, Object(Config\Cache), false)
 4 FCPATH\index.php(79): CodeIgniter\CodeIgniter->run()
 5 SYSTEMPATH\Commands\Server\rewrite.php(47): require_once('C:\\xampp\\htdocs\\merlibre\\public\\index.php')
WARNING - 2023-11-05 03:50:11 --> [DEPRECATED] Creation of dynamic property App\Controllers\ProductController::$ProductModel is deprecated in APPPATH\Controllers\ProductController.php on line 14.
 1 SYSTEMPATH\CodeIgniter.php(914): App\Controllers\ProductController->__construct()
 2 SYSTEMPATH\CodeIgniter.php(493): CodeIgniter\CodeIgniter->createController()
 3 SYSTEMPATH\CodeIgniter.php(361): CodeIgniter\CodeIgniter->handleRequest(null, Object(Config\Cache), false)
 4 FCPATH\index.php(79): CodeIgniter\CodeIgniter->run()
 5 SYSTEMPATH\Commands\Server\rewrite.php(47): require_once('C:\\xampp\\htdocs\\merlibre\\public\\index.php')
INFO - 2023-11-05 21:41:37 --> Session: Class initialized using 'CodeIgniter\Session\Handlers\FileHandler' driver.
WARNING - 2023-11-05 21:41:37 --> [DEPRECATED] Creation of dynamic property App\Controllers\ProductController::$session is deprecated in APPPATH\Controllers\ProductController.php on line 13.
 1 SYSTEMPATH\CodeIgniter.php(914): App\Controllers\ProductController->__construct()
 2 SYSTEMPATH\CodeIgniter.php(493): CodeIgniter\CodeIgniter->createController()
 3 SYSTEMPATH\CodeIgniter.php(361): CodeIgniter\CodeIgniter->handleRequest(null, Object(Config\Cache), false)
 4 FCPATH\index.php(79): CodeIgniter\CodeIgniter->run()
 5 SYSTEMPATH\Commands\Server\rewrite.php(47): require_once('C:\\xampp\\htdocs\\merlibre\\public\\index.php')
WARNING - 2023-11-05 21:41:37 --> [DEPRECATED] Creation of dynamic property App\Controllers\ProductController::$ProductModel is deprecated in APPPATH\Controllers\ProductController.php on line 14.
 1 SYSTEMPATH\CodeIgniter.php(914): App\Controllers\ProductController->__construct()
 2 SYSTEMPATH\CodeIgniter.php(493): CodeIgniter\CodeIgniter->createController()
 3 SYSTEMPATH\CodeIgniter.php(361): CodeIgniter\CodeIgniter->handleRequest(null, Object(Config\Cache), false)
 4 FCPATH\index.php(79): CodeIgniter\CodeIgniter->run()
 5 SYSTEMPATH\Commands\Server\rewrite.php(47): require_once('C:\\xampp\\htdocs\\merlibre\\public\\index.php')
INFO - 2023-11-05 21:43:26 --> Session: Class initialized using 'CodeIgniter\Session\Handlers\FileHandler' driver.
WARNING - 2023-11-05 21:43:26 --> [DEPRECATED] Creation of dynamic property App\Controllers\ProductController::$session is deprecated in APPPATH\Controllers\ProductController.php on line 13.
 1 SYSTEMPATH\CodeIgniter.php(914): App\Controllers\ProductController->__construct()
 2 SYSTEMPATH\CodeIgniter.php(493): CodeIgniter\CodeIgniter->createController()
 3 SYSTEMPATH\CodeIgniter.php(361): CodeIgniter\CodeIgniter->handleRequest(null, Object(Config\Cache), false)
 4 FCPATH\index.php(79): CodeIgniter\CodeIgniter->run()
 5 SYSTEMPATH\Commands\Server\rewrite.php(47): require_once('C:\\xampp\\htdocs\\merlibre\\public\\index.php')
WARNING - 2023-11-05 21:43:26 --> [DEPRECATED] Creation of dynamic property App\Controllers\ProductController::$ProductModel is deprecated in APPPATH\Controllers\ProductController.php on line 14.
 1 SYSTEMPATH\CodeIgniter.php(914): App\Controllers\ProductController->__construct()
 2 SYSTEMPATH\CodeIgniter.php(493): CodeIgniter\CodeIgniter->createController()
 3 SYSTEMPATH\CodeIgniter.php(361): CodeIgniter\CodeIgniter->handleRequest(null, Object(Config\Cache), false)
 4 FCPATH\index.php(79): CodeIgniter\CodeIgniter->run()
 5 SYSTEMPATH\Commands\Server\rewrite.php(47): require_once('C:\\xampp\\htdocs\\merlibre\\public\\index.php')
CRITICAL - 2023-11-05 21:43:29 --> preg_match(): Compilation failed: unmatched closing parenthesis at offset 19
in SYSTEMPATH\Router\Router.php on line 424.
 1 [internal function]: CodeIgniter\Debug\Exceptions->errorHandler(2, 'preg_match(): Compilation failed: unmatched closing parenthesis at offset 19', 'C:\\xampp\\htdocs\\merlibre\\system\\Router\\Router.php', 424)
 2 SYSTEMPATH\Router\Router.php(424): preg_match('#^productos/([0-9]+))$#u', 'productos/edit2', [])
 3 SYSTEMPATH\Router\Router.php(186): CodeIgniter\Router\Router->checkRoutes('productos/edit2')
 4 SYSTEMPATH\CodeIgniter.php(823): CodeIgniter\Router\Router->handle('productos/edit2')
 5 SYSTEMPATH\CodeIgniter.php(450): CodeIgniter\CodeIgniter->tryToRouteIt(Object(CodeIgniter\Router\RouteCollection))
 6 SYSTEMPATH\CodeIgniter.php(361): CodeIgniter\CodeIgniter->handleRequest(null, Object(Config\Cache), false)
 7 FCPATH\index.php(79): CodeIgniter\CodeIgniter->run()
 8 SYSTEMPATH\Commands\Server\rewrite.php(47): require_once('C:\\xampp\\htdocs\\merlibre\\public\\index.php')
INFO - 2023-11-05 21:43:32 --> Session: Class initialized using 'CodeIgniter\Session\Handlers\FileHandler' driver.
WARNING - 2023-11-05 21:43:32 --> [DEPRECATED] Creation of dynamic property App\Controllers\ProductController::$session is deprecated in APPPATH\Controllers\ProductController.php on line 13.
 1 SYSTEMPATH\CodeIgniter.php(914): App\Controllers\ProductController->__construct()
 2 SYSTEMPATH\CodeIgniter.php(493): CodeIgniter\CodeIgniter->createController()
 3 SYSTEMPATH\CodeIgniter.php(361): CodeIgniter\CodeIgniter->handleRequest(null, Object(Config\Cache), false)
 4 FCPATH\index.php(79): CodeIgniter\CodeIgniter->run()
 5 SYSTEMPATH\Commands\Server\rewrite.php(47): require_once('C:\\xampp\\htdocs\\merlibre\\public\\index.php')
WARNING - 2023-11-05 21:43:32 --> [DEPRECATED] Creation of dynamic property App\Controllers\ProductController::$ProductModel is deprecated in APPPATH\Controllers\ProductController.php on line 14.
 1 SYSTEMPATH\CodeIgniter.php(914): App\Controllers\ProductController->__construct()
 2 SYSTEMPATH\CodeIgniter.php(493): CodeIgniter\CodeIgniter->createController()
 3 SYSTEMPATH\CodeIgniter.php(361): CodeIgniter\CodeIgniter->handleRequest(null, Object(Config\Cache), false)
 4 FCPATH\index.php(79): CodeIgniter\CodeIgniter->run()
 5 SYSTEMPATH\Commands\Server\rewrite.php(47): require_once('C:\\xampp\\htdocs\\merlibre\\public\\index.php')
INFO - 2023-11-05 21:44:03 --> Session: Class initialized using 'CodeIgniter\Session\Handlers\FileHandler' driver.
WARNING - 2023-11-05 21:44:03 --> [DEPRECATED] Creation of dynamic property App\Controllers\ProductController::$session is deprecated in APPPATH\Controllers\ProductController.php on line 13.
 1 SYSTEMPATH\CodeIgniter.php(914): App\Controllers\ProductController->__construct()
 2 SYSTEMPATH\CodeIgniter.php(493): CodeIgniter\CodeIgniter->createController()
 3 SYSTEMPATH\CodeIgniter.php(361): CodeIgniter\CodeIgniter->handleRequest(null, Object(Config\Cache), false)
 4 FCPATH\index.php(79): CodeIgniter\CodeIgniter->run()
 5 SYSTEMPATH\Commands\Server\rewrite.php(47): require_once('C:\\xampp\\htdocs\\merlibre\\public\\index.php')
WARNING - 2023-11-05 21:44:03 --> [DEPRECATED] Creation of dynamic property App\Controllers\ProductController::$ProductModel is deprecated in APPPATH\Controllers\ProductController.php on line 14.
 1 SYSTEMPATH\CodeIgniter.php(914): App\Controllers\ProductController->__construct()
 2 SYSTEMPATH\CodeIgniter.php(493): CodeIgniter\CodeIgniter->createController()
 3 SYSTEMPATH\CodeIgniter.php(361): CodeIgniter\CodeIgniter->handleRequest(null, Object(Config\Cache), false)
 4 FCPATH\index.php(79): CodeIgniter\CodeIgniter->run()
 5 SYSTEMPATH\Commands\Server\rewrite.php(47): require_once('C:\\xampp\\htdocs\\merlibre\\public\\index.php')
INFO - 2023-11-05 21:44:05 --> Session: Class initialized using 'CodeIgniter\Session\Handlers\FileHandler' driver.
WARNING - 2023-11-05 21:44:05 --> [DEPRECATED] Creation of dynamic property App\Controllers\ProductController::$session is deprecated in APPPATH\Controllers\ProductController.php on line 13.
 1 SYSTEMPATH\CodeIgniter.php(914): App\Controllers\ProductController->__construct()
 2 SYSTEMPATH\CodeIgniter.php(493): CodeIgniter\CodeIgniter->createController()
 3 SYSTEMPATH\CodeIgniter.php(361): CodeIgniter\CodeIgniter->handleRequest(null, Object(Config\Cache), false)
 4 FCPATH\index.php(79): CodeIgniter\CodeIgniter->run()
 5 SYSTEMPATH\Commands\Server\rewrite.php(47): require_once('C:\\xampp\\htdocs\\merlibre\\public\\index.php')
WARNING - 2023-11-05 21:44:05 --> [DEPRECATED] Creation of dynamic property App\Controllers\ProductController::$ProductModel is deprecated in APPPATH\Controllers\ProductController.php on line 14.
 1 SYSTEMPATH\CodeIgniter.php(914): App\Controllers\ProductController->__construct()
 2 SYSTEMPATH\CodeIgniter.php(493): CodeIgniter\CodeIgniter->createController()
 3 SYSTEMPATH\CodeIgniter.php(361): CodeIgniter\CodeIgniter->handleRequest(null, Object(Config\Cache), false)
 4 FCPATH\index.php(79): CodeIgniter\CodeIgniter->run()
 5 SYSTEMPATH\Commands\Server\rewrite.php(47): require_once('C:\\xampp\\htdocs\\merlibre\\public\\index.php')
CRITICAL - 2023-11-05 21:44:48 --> preg_match(): Compilation failed: unmatched closing parenthesis at offset 19
in SYSTEMPATH\Router\Router.php on line 424.
 1 [internal function]: CodeIgniter\Debug\Exceptions->errorHandler(2, 'preg_match(): Compilation failed: unmatched closing parenthesis at offset 19', 'C:\\xampp\\htdocs\\merlibre\\system\\Router\\Router.php', 424)
 2 SYSTEMPATH\Router\Router.php(424): preg_match('#^productos/([0-9]+))$#u', 'productos/edit1', [])
 3 SYSTEMPATH\Router\Router.php(186): CodeIgniter\Router\Router->checkRoutes('productos/edit1')
 4 SYSTEMPATH\CodeIgniter.php(823): CodeIgniter\Router\Router->handle('productos/edit1')
 5 SYSTEMPATH\CodeIgniter.php(450): CodeIgniter\CodeIgniter->tryToRouteIt(Object(CodeIgniter\Router\RouteCollection))
 6 SYSTEMPATH\CodeIgniter.php(361): CodeIgniter\CodeIgniter->handleRequest(null, Object(Config\Cache), false)
 7 FCPATH\index.php(79): CodeIgniter\CodeIgniter->run()
 8 SYSTEMPATH\Commands\Server\rewrite.php(47): require_once('C:\\xampp\\htdocs\\merlibre\\public\\index.php')
INFO - 2023-11-05 21:44:49 --> Session: Class initialized using 'CodeIgniter\Session\Handlers\FileHandler' driver.
WARNING - 2023-11-05 21:44:49 --> [DEPRECATED] Creation of dynamic property App\Controllers\ProductController::$session is deprecated in APPPATH\Controllers\ProductController.php on line 13.
 1 SYSTEMPATH\CodeIgniter.php(914): App\Controllers\ProductController->__construct()
 2 SYSTEMPATH\CodeIgniter.php(493): CodeIgniter\CodeIgniter->createController()
 3 SYSTEMPATH\CodeIgniter.php(361): CodeIgniter\CodeIgniter->handleRequest(null, Object(Config\Cache), false)
 4 FCPATH\index.php(79): CodeIgniter\CodeIgniter->run()
 5 SYSTEMPATH\Commands\Server\rewrite.php(47): require_once('C:\\xampp\\htdocs\\merlibre\\public\\index.php')
WARNING - 2023-11-05 21:44:49 --> [DEPRECATED] Creation of dynamic property App\Controllers\ProductController::$ProductModel is deprecated in APPPATH\Controllers\ProductController.php on line 14.
 1 SYSTEMPATH\CodeIgniter.php(914): App\Controllers\ProductController->__construct()
 2 SYSTEMPATH\CodeIgniter.php(493): CodeIgniter\CodeIgniter->createController()
 3 SYSTEMPATH\CodeIgniter.php(361): CodeIgniter\CodeIgniter->handleRequest(null, Object(Config\Cache), false)
 4 FCPATH\index.php(79): CodeIgniter\CodeIgniter->run()
 5 SYSTEMPATH\Commands\Server\rewrite.php(47): require_once('C:\\xampp\\htdocs\\merlibre\\public\\index.php')
CRITICAL - 2023-11-05 21:44:50 --> preg_match(): Compilation failed: unmatched closing parenthesis at offset 19
in SYSTEMPATH\Router\Router.php on line 424.
 1 [internal function]: CodeIgniter\Debug\Exceptions->errorHandler(2, 'preg_match(): Compilation failed: unmatched closing parenthesis at offset 19', 'C:\\xampp\\htdocs\\merlibre\\system\\Router\\Router.php', 424)
 2 SYSTEMPATH\Router\Router.php(424): preg_match('#^productos/([0-9]+))$#u', 'productos/1', [])
 3 SYSTEMPATH\Router\Router.php(186): CodeIgniter\Router\Router->checkRoutes('productos/1')
 4 SYSTEMPATH\CodeIgniter.php(823): CodeIgniter\Router\Router->handle('productos/1')
 5 SYSTEMPATH\CodeIgniter.php(450): CodeIgniter\CodeIgniter->tryToRouteIt(Object(CodeIgniter\Router\RouteCollection))
 6 SYSTEMPATH\CodeIgniter.php(361): CodeIgniter\CodeIgniter->handleRequest(null, Object(Config\Cache), false)
 7 FCPATH\index.php(79): CodeIgniter\CodeIgniter->run()
 8 SYSTEMPATH\Commands\Server\rewrite.php(47): require_once('C:\\xampp\\htdocs\\merlibre\\public\\index.php')
INFO - 2023-11-05 21:44:52 --> Session: Class initialized using 'CodeIgniter\Session\Handlers\FileHandler' driver.
WARNING - 2023-11-05 21:44:52 --> [DEPRECATED] Creation of dynamic property App\Controllers\ProductController::$session is deprecated in APPPATH\Controllers\ProductController.php on line 13.
 1 SYSTEMPATH\CodeIgniter.php(914): App\Controllers\ProductController->__construct()
 2 SYSTEMPATH\CodeIgniter.php(493): CodeIgniter\CodeIgniter->createController()
 3 SYSTEMPATH\CodeIgniter.php(361): CodeIgniter\CodeIgniter->handleRequest(null, Object(Config\Cache), false)
 4 FCPATH\index.php(79): CodeIgniter\CodeIgniter->run()
 5 SYSTEMPATH\Commands\Server\rewrite.php(47): require_once('C:\\xampp\\htdocs\\merlibre\\public\\index.php')
WARNING - 2023-11-05 21:44:52 --> [DEPRECATED] Creation of dynamic property App\Controllers\ProductController::$ProductModel is deprecated in APPPATH\Controllers\ProductController.php on line 14.
 1 SYSTEMPATH\CodeIgniter.php(914): App\Controllers\ProductController->__construct()
 2 SYSTEMPATH\CodeIgniter.php(493): CodeIgniter\CodeIgniter->createController()
 3 SYSTEMPATH\CodeIgniter.php(361): CodeIgniter\CodeIgniter->handleRequest(null, Object(Config\Cache), false)
 4 FCPATH\index.php(79): CodeIgniter\CodeIgniter->run()
 5 SYSTEMPATH\Commands\Server\rewrite.php(47): require_once('C:\\xampp\\htdocs\\merlibre\\public\\index.php')
INFO - 2023-11-05 21:45:36 --> Session: Class initialized using 'CodeIgniter\Session\Handlers\FileHandler' driver.
WARNING - 2023-11-05 21:45:36 --> [DEPRECATED] Creation of dynamic property App\Controllers\ProductController::$session is deprecated in APPPATH\Controllers\ProductController.php on line 13.
 1 SYSTEMPATH\CodeIgniter.php(914): App\Controllers\ProductController->__construct()
 2 SYSTEMPATH\CodeIgniter.php(493): CodeIgniter\CodeIgniter->createController()
 3 SYSTEMPATH\CodeIgniter.php(361): CodeIgniter\CodeIgniter->handleRequest(null, Object(Config\Cache), false)
 4 FCPATH\index.php(79): CodeIgniter\CodeIgniter->run()
 5 SYSTEMPATH\Commands\Server\rewrite.php(47): require_once('C:\\xampp\\htdocs\\merlibre\\public\\index.php')
WARNING - 2023-11-05 21:45:36 --> [DEPRECATED] Creation of dynamic property App\Controllers\ProductController::$ProductModel is deprecated in APPPATH\Controllers\ProductController.php on line 14.
 1 SYSTEMPATH\CodeIgniter.php(914): App\Controllers\ProductController->__construct()
 2 SYSTEMPATH\CodeIgniter.php(493): CodeIgniter\CodeIgniter->createController()
 3 SYSTEMPATH\CodeIgniter.php(361): CodeIgniter\CodeIgniter->handleRequest(null, Object(Config\Cache), false)
 4 FCPATH\index.php(79): CodeIgniter\CodeIgniter->run()
 5 SYSTEMPATH\Commands\Server\rewrite.php(47): require_once('C:\\xampp\\htdocs\\merlibre\\public\\index.php')
INFO - 2023-11-05 21:45:37 --> Session: Class initialized using 'CodeIgniter\Session\Handlers\FileHandler' driver.
WARNING - 2023-11-05 21:45:37 --> [DEPRECATED] Creation of dynamic property App\Controllers\ProductController::$session is deprecated in APPPATH\Controllers\ProductController.php on line 13.
 1 SYSTEMPATH\CodeIgniter.php(914): App\Controllers\ProductController->__construct()
 2 SYSTEMPATH\CodeIgniter.php(493): CodeIgniter\CodeIgniter->createController()
 3 SYSTEMPATH\CodeIgniter.php(361): CodeIgniter\CodeIgniter->handleRequest(null, Object(Config\Cache), false)
 4 FCPATH\index.php(79): CodeIgniter\CodeIgniter->run()
 5 SYSTEMPATH\Commands\Server\rewrite.php(47): require_once('C:\\xampp\\htdocs\\merlibre\\public\\index.php')
WARNING - 2023-11-05 21:45:37 --> [DEPRECATED] Creation of dynamic property App\Controllers\ProductController::$ProductModel is deprecated in APPPATH\Controllers\ProductController.php on line 14.
 1 SYSTEMPATH\CodeIgniter.php(914): App\Controllers\ProductController->__construct()
 2 SYSTEMPATH\CodeIgniter.php(493): CodeIgniter\CodeIgniter->createController()
 3 SYSTEMPATH\CodeIgniter.php(361): CodeIgniter\CodeIgniter->handleRequest(null, Object(Config\Cache), false)
 4 FCPATH\index.php(79): CodeIgniter\CodeIgniter->run()
 5 SYSTEMPATH\Commands\Server\rewrite.php(47): require_once('C:\\xampp\\htdocs\\merlibre\\public\\index.php')
INFO - 2023-11-05 21:45:41 --> Session: Class initialized using 'CodeIgniter\Session\Handlers\FileHandler' driver.
WARNING - 2023-11-05 21:45:41 --> [DEPRECATED] Creation of dynamic property App\Controllers\ProductController::$session is deprecated in APPPATH\Controllers\ProductController.php on line 13.
 1 SYSTEMPATH\CodeIgniter.php(914): App\Controllers\ProductController->__construct()
 2 SYSTEMPATH\CodeIgniter.php(493): CodeIgniter\CodeIgniter->createController()
 3 SYSTEMPATH\CodeIgniter.php(361): CodeIgniter\CodeIgniter->handleRequest(null, Object(Config\Cache), false)
 4 FCPATH\index.php(79): CodeIgniter\CodeIgniter->run()
 5 SYSTEMPATH\Commands\Server\rewrite.php(47): require_once('C:\\xampp\\htdocs\\merlibre\\public\\index.php')
WARNING - 2023-11-05 21:45:41 --> [DEPRECATED] Creation of dynamic property App\Controllers\ProductController::$ProductModel is deprecated in APPPATH\Controllers\ProductController.php on line 14.
 1 SYSTEMPATH\CodeIgniter.php(914): App\Controllers\ProductController->__construct()
 2 SYSTEMPATH\CodeIgniter.php(493): CodeIgniter\CodeIgniter->createController()
 3 SYSTEMPATH\CodeIgniter.php(361): CodeIgniter\CodeIgniter->handleRequest(null, Object(Config\Cache), false)
 4 FCPATH\index.php(79): CodeIgniter\CodeIgniter->run()
 5 SYSTEMPATH\Commands\Server\rewrite.php(47): require_once('C:\\xampp\\htdocs\\merlibre\\public\\index.php')
INFO - 2023-11-05 21:53:28 --> Session: Class initialized using 'CodeIgniter\Session\Handlers\FileHandler' driver.
WARNING - 2023-11-05 21:53:28 --> [DEPRECATED] Creation of dynamic property App\Controllers\ProductController::$session is deprecated in APPPATH\Controllers\ProductController.php on line 13.
 1 SYSTEMPATH\CodeIgniter.php(914): App\Controllers\ProductController->__construct()
 2 SYSTEMPATH\CodeIgniter.php(493): CodeIgniter\CodeIgniter->createController()
 3 SYSTEMPATH\CodeIgniter.php(361): CodeIgniter\CodeIgniter->handleRequest(null, Object(Config\Cache), false)
 4 FCPATH\index.php(79): CodeIgniter\CodeIgniter->run()
 5 SYSTEMPATH\Commands\Server\rewrite.php(47): require_once('C:\\xampp\\htdocs\\merlibre\\public\\index.php')
WARNING - 2023-11-05 21:53:28 --> [DEPRECATED] Creation of dynamic property App\Controllers\ProductController::$ProductModel is deprecated in APPPATH\Controllers\ProductController.php on line 14.
 1 SYSTEMPATH\CodeIgniter.php(914): App\Controllers\ProductController->__construct()
 2 SYSTEMPATH\CodeIgniter.php(493): CodeIgniter\CodeIgniter->createController()
 3 SYSTEMPATH\CodeIgniter.php(361): CodeIgniter\CodeIgniter->handleRequest(null, Object(Config\Cache), false)
 4 FCPATH\index.php(79): CodeIgniter\CodeIgniter->run()
 5 SYSTEMPATH\Commands\Server\rewrite.php(47): require_once('C:\\xampp\\htdocs\\merlibre\\public\\index.php')
INFO - 2023-11-05 21:54:03 --> Session: Class initialized using 'CodeIgniter\Session\Handlers\FileHandler' driver.
WARNING - 2023-11-05 21:54:03 --> [DEPRECATED] Creation of dynamic property App\Controllers\ProductController::$session is deprecated in APPPATH\Controllers\ProductController.php on line 13.
 1 SYSTEMPATH\CodeIgniter.php(914): App\Controllers\ProductController->__construct()
 2 SYSTEMPATH\CodeIgniter.php(493): CodeIgniter\CodeIgniter->createController()
 3 SYSTEMPATH\CodeIgniter.php(361): CodeIgniter\CodeIgniter->handleRequest(null, Object(Config\Cache), false)
 4 FCPATH\index.php(79): CodeIgniter\CodeIgniter->run()
 5 SYSTEMPATH\Commands\Server\rewrite.php(47): require_once('C:\\xampp\\htdocs\\merlibre\\public\\index.php')
WARNING - 2023-11-05 21:54:03 --> [DEPRECATED] Creation of dynamic property App\Controllers\ProductController::$ProductModel is deprecated in APPPATH\Controllers\ProductController.php on line 14.
 1 SYSTEMPATH\CodeIgniter.php(914): App\Controllers\ProductController->__construct()
 2 SYSTEMPATH\CodeIgniter.php(493): CodeIgniter\CodeIgniter->createController()
 3 SYSTEMPATH\CodeIgniter.php(361): CodeIgniter\CodeIgniter->handleRequest(null, Object(Config\Cache), false)
 4 FCPATH\index.php(79): CodeIgniter\CodeIgniter->run()
 5 SYSTEMPATH\Commands\Server\rewrite.php(47): require_once('C:\\xampp\\htdocs\\merlibre\\public\\index.php')
INFO - 2023-11-05 21:55:38 --> Session: Class initialized using 'CodeIgniter\Session\Handlers\FileHandler' driver.
WARNING - 2023-11-05 21:55:38 --> [DEPRECATED] Creation of dynamic property App\Controllers\ProductController::$session is deprecated in APPPATH\Controllers\ProductController.php on line 13.
 1 SYSTEMPATH\CodeIgniter.php(914): App\Controllers\ProductController->__construct()
 2 SYSTEMPATH\CodeIgniter.php(493): CodeIgniter\CodeIgniter->createController()
 3 SYSTEMPATH\CodeIgniter.php(361): CodeIgniter\CodeIgniter->handleRequest(null, Object(Config\Cache), false)
 4 FCPATH\index.php(79): CodeIgniter\CodeIgniter->run()
 5 SYSTEMPATH\Commands\Server\rewrite.php(47): require_once('C:\\xampp\\htdocs\\merlibre\\public\\index.php')
WARNING - 2023-11-05 21:55:38 --> [DEPRECATED] Creation of dynamic property App\Controllers\ProductController::$ProductModel is deprecated in APPPATH\Controllers\ProductController.php on line 14.
 1 SYSTEMPATH\CodeIgniter.php(914): App\Controllers\ProductController->__construct()
 2 SYSTEMPATH\CodeIgniter.php(493): CodeIgniter\CodeIgniter->createController()
 3 SYSTEMPATH\CodeIgniter.php(361): CodeIgniter\CodeIgniter->handleRequest(null, Object(Config\Cache), false)
 4 FCPATH\index.php(79): CodeIgniter\CodeIgniter->run()
 5 SYSTEMPATH\Commands\Server\rewrite.php(47): require_once('C:\\xampp\\htdocs\\merlibre\\public\\index.php')
INFO - 2023-11-05 21:55:38 --> Session: Class initialized using 'CodeIgniter\Session\Handlers\FileHandler' driver.
WARNING - 2023-11-05 21:55:38 --> [DEPRECATED] Creation of dynamic property App\Controllers\ProductController::$session is deprecated in APPPATH\Controllers\ProductController.php on line 13.
 1 SYSTEMPATH\CodeIgniter.php(914): App\Controllers\ProductController->__construct()
 2 SYSTEMPATH\CodeIgniter.php(493): CodeIgniter\CodeIgniter->createController()
 3 SYSTEMPATH\CodeIgniter.php(361): CodeIgniter\CodeIgniter->handleRequest(null, Object(Config\Cache), false)
 4 FCPATH\index.php(79): CodeIgniter\CodeIgniter->run()
 5 SYSTEMPATH\Commands\Server\rewrite.php(47): require_once('C:\\xampp\\htdocs\\merlibre\\public\\index.php')
WARNING - 2023-11-05 21:55:38 --> [DEPRECATED] Creation of dynamic property App\Controllers\ProductController::$ProductModel is deprecated in APPPATH\Controllers\ProductController.php on line 14.
 1 SYSTEMPATH\CodeIgniter.php(914): App\Controllers\ProductController->__construct()
 2 SYSTEMPATH\CodeIgniter.php(493): CodeIgniter\CodeIgniter->createController()
 3 SYSTEMPATH\CodeIgniter.php(361): CodeIgniter\CodeIgniter->handleRequest(null, Object(Config\Cache), false)
 4 FCPATH\index.php(79): CodeIgniter\CodeIgniter->run()
 5 SYSTEMPATH\Commands\Server\rewrite.php(47): require_once('C:\\xampp\\htdocs\\merlibre\\public\\index.php')
INFO - 2023-11-05 21:55:52 --> Session: Class initialized using 'CodeIgniter\Session\Handlers\FileHandler' driver.
WARNING - 2023-11-05 21:55:52 --> [DEPRECATED] Creation of dynamic property App\Controllers\ProductController::$session is deprecated in APPPATH\Controllers\ProductController.php on line 13.
 1 SYSTEMPATH\CodeIgniter.php(914): App\Controllers\ProductController->__construct()
 2 SYSTEMPATH\CodeIgniter.php(493): CodeIgniter\CodeIgniter->createController()
 3 SYSTEMPATH\CodeIgniter.php(361): CodeIgniter\CodeIgniter->handleRequest(null, Object(Config\Cache), false)
 4 FCPATH\index.php(79): CodeIgniter\CodeIgniter->run()
 5 SYSTEMPATH\Commands\Server\rewrite.php(47): require_once('C:\\xampp\\htdocs\\merlibre\\public\\index.php')
WARNING - 2023-11-05 21:55:52 --> [DEPRECATED] Creation of dynamic property App\Controllers\ProductController::$ProductModel is deprecated in APPPATH\Controllers\ProductController.php on line 14.
 1 SYSTEMPATH\CodeIgniter.php(914): App\Controllers\ProductController->__construct()
 2 SYSTEMPATH\CodeIgniter.php(493): CodeIgniter\CodeIgniter->createController()
 3 SYSTEMPATH\CodeIgniter.php(361): CodeIgniter\CodeIgniter->handleRequest(null, Object(Config\Cache), false)
 4 FCPATH\index.php(79): CodeIgniter\CodeIgniter->run()
 5 SYSTEMPATH\Commands\Server\rewrite.php(47): require_once('C:\\xampp\\htdocs\\merlibre\\public\\index.php')
INFO - 2023-11-05 21:56:37 --> Session: Class initialized using 'CodeIgniter\Session\Handlers\FileHandler' driver.
WARNING - 2023-11-05 21:56:37 --> [DEPRECATED] Creation of dynamic property App\Controllers\ProductController::$session is deprecated in APPPATH\Controllers\ProductController.php on line 13.
 1 SYSTEMPATH\CodeIgniter.php(914): App\Controllers\ProductController->__construct()
 2 SYSTEMPATH\CodeIgniter.php(493): CodeIgniter\CodeIgniter->createController()
 3 SYSTEMPATH\CodeIgniter.php(361): CodeIgniter\CodeIgniter->handleRequest(null, Object(Config\Cache), false)
 4 FCPATH\index.php(79): CodeIgniter\CodeIgniter->run()
 5 SYSTEMPATH\Commands\Server\rewrite.php(47): require_once('C:\\xampp\\htdocs\\merlibre\\public\\index.php')
WARNING - 2023-11-05 21:56:37 --> [DEPRECATED] Creation of dynamic property App\Controllers\ProductController::$ProductModel is deprecated in APPPATH\Controllers\ProductController.php on line 14.
 1 SYSTEMPATH\CodeIgniter.php(914): App\Controllers\ProductController->__construct()
 2 SYSTEMPATH\CodeIgniter.php(493): CodeIgniter\CodeIgniter->createController()
 3 SYSTEMPATH\CodeIgniter.php(361): CodeIgniter\CodeIgniter->handleRequest(null, Object(Config\Cache), false)
 4 FCPATH\index.php(79): CodeIgniter\CodeIgniter->run()
 5 SYSTEMPATH\Commands\Server\rewrite.php(47): require_once('C:\\xampp\\htdocs\\merlibre\\public\\index.php')
INFO - 2023-11-05 21:56:38 --> Session: Class initialized using 'CodeIgniter\Session\Handlers\FileHandler' driver.
WARNING - 2023-11-05 21:56:38 --> [DEPRECATED] Creation of dynamic property App\Controllers\ProductController::$session is deprecated in APPPATH\Controllers\ProductController.php on line 13.
 1 SYSTEMPATH\CodeIgniter.php(914): App\Controllers\ProductController->__construct()
 2 SYSTEMPATH\CodeIgniter.php(493): CodeIgniter\CodeIgniter->createController()
 3 SYSTEMPATH\CodeIgniter.php(361): CodeIgniter\CodeIgniter->handleRequest(null, Object(Config\Cache), false)
 4 FCPATH\index.php(79): CodeIgniter\CodeIgniter->run()
 5 SYSTEMPATH\Commands\Server\rewrite.php(47): require_once('C:\\xampp\\htdocs\\merlibre\\public\\index.php')
WARNING - 2023-11-05 21:56:38 --> [DEPRECATED] Creation of dynamic property App\Controllers\ProductController::$ProductModel is deprecated in APPPATH\Controllers\ProductController.php on line 14.
 1 SYSTEMPATH\CodeIgniter.php(914): App\Controllers\ProductController->__construct()
 2 SYSTEMPATH\CodeIgniter.php(493): CodeIgniter\CodeIgniter->createController()
 3 SYSTEMPATH\CodeIgniter.php(361): CodeIgniter\CodeIgniter->handleRequest(null, Object(Config\Cache), false)
 4 FCPATH\index.php(79): CodeIgniter\CodeIgniter->run()
 5 SYSTEMPATH\Commands\Server\rewrite.php(47): require_once('C:\\xampp\\htdocs\\merlibre\\public\\index.php')
INFO - 2023-11-05 22:00:21 --> Session: Class initialized using 'CodeIgniter\Session\Handlers\FileHandler' driver.
WARNING - 2023-11-05 22:00:21 --> [DEPRECATED] Creation of dynamic property App\Controllers\ProductController::$session is deprecated in APPPATH\Controllers\ProductController.php on line 13.
 1 SYSTEMPATH\CodeIgniter.php(914): App\Controllers\ProductController->__construct()
 2 SYSTEMPATH\CodeIgniter.php(493): CodeIgniter\CodeIgniter->createController()
 3 SYSTEMPATH\CodeIgniter.php(361): CodeIgniter\CodeIgniter->handleRequest(null, Object(Config\Cache), false)
 4 FCPATH\index.php(79): CodeIgniter\CodeIgniter->run()
 5 SYSTEMPATH\Commands\Server\rewrite.php(47): require_once('C:\\xampp\\htdocs\\merlibre\\public\\index.php')
WARNING - 2023-11-05 22:00:21 --> [DEPRECATED] Creation of dynamic property App\Controllers\ProductController::$ProductModel is deprecated in APPPATH\Controllers\ProductController.php on line 14.
 1 SYSTEMPATH\CodeIgniter.php(914): App\Controllers\ProductController->__construct()
 2 SYSTEMPATH\CodeIgniter.php(493): CodeIgniter\CodeIgniter->createController()
 3 SYSTEMPATH\CodeIgniter.php(361): CodeIgniter\CodeIgniter->handleRequest(null, Object(Config\Cache), false)
 4 FCPATH\index.php(79): CodeIgniter\CodeIgniter->run()
 5 SYSTEMPATH\Commands\Server\rewrite.php(47): require_once('C:\\xampp\\htdocs\\merlibre\\public\\index.php')
INFO - 2023-11-05 22:05:56 --> Session: Class initialized using 'CodeIgniter\Session\Handlers\FileHandler' driver.
WARNING - 2023-11-05 22:05:56 --> [DEPRECATED] Creation of dynamic property App\Controllers\ProductController::$session is deprecated in APPPATH\Controllers\ProductController.php on line 13.
 1 SYSTEMPATH\CodeIgniter.php(914): App\Controllers\ProductController->__construct()
 2 SYSTEMPATH\CodeIgniter.php(493): CodeIgniter\CodeIgniter->createController()
 3 SYSTEMPATH\CodeIgniter.php(361): CodeIgniter\CodeIgniter->handleRequest(null, Object(Config\Cache), false)
 4 FCPATH\index.php(79): CodeIgniter\CodeIgniter->run()
 5 SYSTEMPATH\Commands\Server\rewrite.php(47): require_once('C:\\xampp\\htdocs\\merlibre\\public\\index.php')
WARNING - 2023-11-05 22:05:56 --> [DEPRECATED] Creation of dynamic property App\Controllers\ProductController::$ProductModel is deprecated in APPPATH\Controllers\ProductController.php on line 14.
 1 SYSTEMPATH\CodeIgniter.php(914): App\Controllers\ProductController->__construct()
 2 SYSTEMPATH\CodeIgniter.php(493): CodeIgniter\CodeIgniter->createController()
 3 SYSTEMPATH\CodeIgniter.php(361): CodeIgniter\CodeIgniter->handleRequest(null, Object(Config\Cache), false)
 4 FCPATH\index.php(79): CodeIgniter\CodeIgniter->run()
 5 SYSTEMPATH\Commands\Server\rewrite.php(47): require_once('C:\\xampp\\htdocs\\merlibre\\public\\index.php')
INFO - 2023-11-05 22:06:16 --> Session: Class initialized using 'CodeIgniter\Session\Handlers\FileHandler' driver.
WARNING - 2023-11-05 22:06:16 --> [DEPRECATED] Creation of dynamic property App\Controllers\ProductController::$session is deprecated in APPPATH\Controllers\ProductController.php on line 13.
 1 SYSTEMPATH\CodeIgniter.php(914): App\Controllers\ProductController->__construct()
 2 SYSTEMPATH\CodeIgniter.php(493): CodeIgniter\CodeIgniter->createController()
 3 SYSTEMPATH\CodeIgniter.php(361): CodeIgniter\CodeIgniter->handleRequest(null, Object(Config\Cache), false)
 4 FCPATH\index.php(79): CodeIgniter\CodeIgniter->run()
 5 SYSTEMPATH\Commands\Server\rewrite.php(47): require_once('C:\\xampp\\htdocs\\merlibre\\public\\index.php')
WARNING - 2023-11-05 22:06:16 --> [DEPRECATED] Creation of dynamic property App\Controllers\ProductController::$ProductModel is deprecated in APPPATH\Controllers\ProductController.php on line 14.
 1 SYSTEMPATH\CodeIgniter.php(914): App\Controllers\ProductController->__construct()
 2 SYSTEMPATH\CodeIgniter.php(493): CodeIgniter\CodeIgniter->createController()
 3 SYSTEMPATH\CodeIgniter.php(361): CodeIgniter\CodeIgniter->handleRequest(null, Object(Config\Cache), false)
 4 FCPATH\index.php(79): CodeIgniter\CodeIgniter->run()
 5 SYSTEMPATH\Commands\Server\rewrite.php(47): require_once('C:\\xampp\\htdocs\\merlibre\\public\\index.php')
INFO - 2023-11-05 22:06:25 --> Session: Class initialized using 'CodeIgniter\Session\Handlers\FileHandler' driver.
WARNING - 2023-11-05 22:06:25 --> [DEPRECATED] Creation of dynamic property App\Controllers\ProductController::$session is deprecated in APPPATH\Controllers\ProductController.php on line 13.
 1 SYSTEMPATH\CodeIgniter.php(914): App\Controllers\ProductController->__construct()
 2 SYSTEMPATH\CodeIgniter.php(493): CodeIgniter\CodeIgniter->createController()
 3 SYSTEMPATH\CodeIgniter.php(361): CodeIgniter\CodeIgniter->handleRequest(null, Object(Config\Cache), false)
 4 FCPATH\index.php(79): CodeIgniter\CodeIgniter->run()
 5 SYSTEMPATH\Commands\Server\rewrite.php(47): require_once('C:\\xampp\\htdocs\\merlibre\\public\\index.php')
WARNING - 2023-11-05 22:06:25 --> [DEPRECATED] Creation of dynamic property App\Controllers\ProductController::$ProductModel is deprecated in APPPATH\Controllers\ProductController.php on line 14.
 1 SYSTEMPATH\CodeIgniter.php(914): App\Controllers\ProductController->__construct()
 2 SYSTEMPATH\CodeIgniter.php(493): CodeIgniter\CodeIgniter->createController()
 3 SYSTEMPATH\CodeIgniter.php(361): CodeIgniter\CodeIgniter->handleRequest(null, Object(Config\Cache), false)
 4 FCPATH\index.php(79): CodeIgniter\CodeIgniter->run()
 5 SYSTEMPATH\Commands\Server\rewrite.php(47): require_once('C:\\xampp\\htdocs\\merlibre\\public\\index.php')
INFO - 2023-11-05 22:06:25 --> Session: Class initialized using 'CodeIgniter\Session\Handlers\FileHandler' driver.
WARNING - 2023-11-05 22:06:25 --> [DEPRECATED] Creation of dynamic property App\Controllers\ProductController::$session is deprecated in APPPATH\Controllers\ProductController.php on line 13.
 1 SYSTEMPATH\CodeIgniter.php(914): App\Controllers\ProductController->__construct()
 2 SYSTEMPATH\CodeIgniter.php(493): CodeIgniter\CodeIgniter->createController()
 3 SYSTEMPATH\CodeIgniter.php(361): CodeIgniter\CodeIgniter->handleRequest(null, Object(Config\Cache), false)
 4 FCPATH\index.php(79): CodeIgniter\CodeIgniter->run()
 5 SYSTEMPATH\Commands\Server\rewrite.php(47): require_once('C:\\xampp\\htdocs\\merlibre\\public\\index.php')
WARNING - 2023-11-05 22:06:25 --> [DEPRECATED] Creation of dynamic property App\Controllers\ProductController::$ProductModel is deprecated in APPPATH\Controllers\ProductController.php on line 14.
 1 SYSTEMPATH\CodeIgniter.php(914): App\Controllers\ProductController->__construct()
 2 SYSTEMPATH\CodeIgniter.php(493): CodeIgniter\CodeIgniter->createController()
 3 SYSTEMPATH\CodeIgniter.php(361): CodeIgniter\CodeIgniter->handleRequest(null, Object(Config\Cache), false)
 4 FCPATH\index.php(79): CodeIgniter\CodeIgniter->run()
 5 SYSTEMPATH\Commands\Server\rewrite.php(47): require_once('C:\\xampp\\htdocs\\merlibre\\public\\index.php')
INFO - 2023-11-05 22:11:52 --> Session: Class initialized using 'CodeIgniter\Session\Handlers\FileHandler' driver.
WARNING - 2023-11-05 22:11:52 --> [DEPRECATED] Creation of dynamic property App\Controllers\ProductController::$session is deprecated in APPPATH\Controllers\ProductController.php on line 13.
 1 SYSTEMPATH\CodeIgniter.php(914): App\Controllers\ProductController->__construct()
 2 SYSTEMPATH\CodeIgniter.php(493): CodeIgniter\CodeIgniter->createController()
 3 SYSTEMPATH\CodeIgniter.php(361): CodeIgniter\CodeIgniter->handleRequest(null, Object(Config\Cache), false)
 4 FCPATH\index.php(79): CodeIgniter\CodeIgniter->run()
 5 SYSTEMPATH\Commands\Server\rewrite.php(47): require_once('C:\\xampp\\htdocs\\merlibre\\public\\index.php')
WARNING - 2023-11-05 22:11:52 --> [DEPRECATED] Creation of dynamic property App\Controllers\ProductController::$ProductModel is deprecated in APPPATH\Controllers\ProductController.php on line 14.
 1 SYSTEMPATH\CodeIgniter.php(914): App\Controllers\ProductController->__construct()
 2 SYSTEMPATH\CodeIgniter.php(493): CodeIgniter\CodeIgniter->createController()
 3 SYSTEMPATH\CodeIgniter.php(361): CodeIgniter\CodeIgniter->handleRequest(null, Object(Config\Cache), false)
 4 FCPATH\index.php(79): CodeIgniter\CodeIgniter->run()
 5 SYSTEMPATH\Commands\Server\rewrite.php(47): require_once('C:\\xampp\\htdocs\\merlibre\\public\\index.php')
INFO - 2023-11-05 22:12:52 --> Session: Class initialized using 'CodeIgniter\Session\Handlers\FileHandler' driver.
WARNING - 2023-11-05 22:12:52 --> [DEPRECATED] Creation of dynamic property App\Controllers\ProductController::$session is deprecated in APPPATH\Controllers\ProductController.php on line 13.
 1 SYSTEMPATH\CodeIgniter.php(914): App\Controllers\ProductController->__construct()
 2 SYSTEMPATH\CodeIgniter.php(493): CodeIgniter\CodeIgniter->createController()
 3 SYSTEMPATH\CodeIgniter.php(361): CodeIgniter\CodeIgniter->handleRequest(null, Object(Config\Cache), false)
 4 FCPATH\index.php(79): CodeIgniter\CodeIgniter->run()
 5 SYSTEMPATH\Commands\Server\rewrite.php(47): require_once('C:\\xampp\\htdocs\\merlibre\\public\\index.php')
WARNING - 2023-11-05 22:12:52 --> [DEPRECATED] Creation of dynamic property App\Controllers\ProductController::$ProductModel is deprecated in APPPATH\Controllers\ProductController.php on line 14.
 1 SYSTEMPATH\CodeIgniter.php(914): App\Controllers\ProductController->__construct()
 2 SYSTEMPATH\CodeIgniter.php(493): CodeIgniter\CodeIgniter->createController()
 3 SYSTEMPATH\CodeIgniter.php(361): CodeIgniter\CodeIgniter->handleRequest(null, Object(Config\Cache), false)
 4 FCPATH\index.php(79): CodeIgniter\CodeIgniter->run()
 5 SYSTEMPATH\Commands\Server\rewrite.php(47): require_once('C:\\xampp\\htdocs\\merlibre\\public\\index.php')
INFO - 2023-11-05 22:17:25 --> Session: Class initialized using 'CodeIgniter\Session\Handlers\FileHandler' driver.
WARNING - 2023-11-05 22:17:25 --> [DEPRECATED] Creation of dynamic property App\Controllers\ProductController::$session is deprecated in APPPATH\Controllers\ProductController.php on line 13.
 1 SYSTEMPATH\CodeIgniter.php(914): App\Controllers\ProductController->__construct()
 2 SYSTEMPATH\CodeIgniter.php(493): CodeIgniter\CodeIgniter->createController()
 3 SYSTEMPATH\CodeIgniter.php(361): CodeIgniter\CodeIgniter->handleRequest(null, Object(Config\Cache), false)
 4 FCPATH\index.php(79): CodeIgniter\CodeIgniter->run()
 5 SYSTEMPATH\Commands\Server\rewrite.php(47): require_once('C:\\xampp\\htdocs\\merlibre\\public\\index.php')
WARNING - 2023-11-05 22:17:25 --> [DEPRECATED] Creation of dynamic property App\Controllers\ProductController::$ProductModel is deprecated in APPPATH\Controllers\ProductController.php on line 14.
 1 SYSTEMPATH\CodeIgniter.php(914): App\Controllers\ProductController->__construct()
 2 SYSTEMPATH\CodeIgniter.php(493): CodeIgniter\CodeIgniter->createController()
 3 SYSTEMPATH\CodeIgniter.php(361): CodeIgniter\CodeIgniter->handleRequest(null, Object(Config\Cache), false)
 4 FCPATH\index.php(79): CodeIgniter\CodeIgniter->run()
 5 SYSTEMPATH\Commands\Server\rewrite.php(47): require_once('C:\\xampp\\htdocs\\merlibre\\public\\index.php')
CRITICAL - 2023-11-05 22:18:21 --> preg_match(): Compilation failed: unmatched closing parenthesis at offset 19
in SYSTEMPATH\Router\Router.php on line 424.
 1 [internal function]: CodeIgniter\Debug\Exceptions->errorHandler(2, 'preg_match(): Compilation failed: unmatched closing parenthesis at offset 19', 'C:\\xampp\\htdocs\\merlibre\\system\\Router\\Router.php', 424)
 2 SYSTEMPATH\Router\Router.php(424): preg_match('#^productos/([0-9]+))$#u', 'productos/1', [])
 3 SYSTEMPATH\Router\Router.php(186): CodeIgniter\Router\Router->checkRoutes('productos/1')
 4 SYSTEMPATH\CodeIgniter.php(823): CodeIgniter\Router\Router->handle('productos/1')
 5 SYSTEMPATH\CodeIgniter.php(450): CodeIgniter\CodeIgniter->tryToRouteIt(Object(CodeIgniter\Router\RouteCollection))
 6 SYSTEMPATH\CodeIgniter.php(361): CodeIgniter\CodeIgniter->handleRequest(null, Object(Config\Cache), false)
 7 FCPATH\index.php(79): CodeIgniter\CodeIgniter->run()
 8 SYSTEMPATH\Commands\Server\rewrite.php(47): require_once('C:\\xampp\\htdocs\\merlibre\\public\\index.php')
INFO - 2023-11-05 22:18:23 --> Session: Class initialized using 'CodeIgniter\Session\Handlers\FileHandler' driver.
WARNING - 2023-11-05 22:18:23 --> [DEPRECATED] Creation of dynamic property App\Controllers\ProductController::$session is deprecated in APPPATH\Controllers\ProductController.php on line 13.
 1 SYSTEMPATH\CodeIgniter.php(914): App\Controllers\ProductController->__construct()
 2 SYSTEMPATH\CodeIgniter.php(493): CodeIgniter\CodeIgniter->createController()
 3 SYSTEMPATH\CodeIgniter.php(361): CodeIgniter\CodeIgniter->handleRequest(null, Object(Config\Cache), false)
 4 FCPATH\index.php(79): CodeIgniter\CodeIgniter->run()
 5 SYSTEMPATH\Commands\Server\rewrite.php(47): require_once('C:\\xampp\\htdocs\\merlibre\\public\\index.php')
WARNING - 2023-11-05 22:18:23 --> [DEPRECATED] Creation of dynamic property App\Controllers\ProductController::$ProductModel is deprecated in APPPATH\Controllers\ProductController.php on line 14.
 1 SYSTEMPATH\CodeIgniter.php(914): App\Controllers\ProductController->__construct()
 2 SYSTEMPATH\CodeIgniter.php(493): CodeIgniter\CodeIgniter->createController()
 3 SYSTEMPATH\CodeIgniter.php(361): CodeIgniter\CodeIgniter->handleRequest(null, Object(Config\Cache), false)
 4 FCPATH\index.php(79): CodeIgniter\CodeIgniter->run()
 5 SYSTEMPATH\Commands\Server\rewrite.php(47): require_once('C:\\xampp\\htdocs\\merlibre\\public\\index.php')
