CRITICAL - 2023-11-02 21:24:21 --> Call to undefined method CodeIgniter\HTTP\IncomingRequest::getInt()
in APPPATH\Controllers\ProductController.php on line 61.
 1 SYSTEMPATH\CodeIgniter.php(942): App\Controllers\ProductController->create()
 2 SYSTEMPATH\CodeIgniter.php(502): CodeIgniter\CodeIgniter->runController(Object(App\Controllers\ProductController))
 3 SYSTEMPATH\CodeIgniter.php(361): CodeIgniter\CodeIgniter->handleRequest(null, Object(Config\Cache), false)
 4 FCPATH\index.php(79): CodeIgniter\CodeIgniter->run()
 5 SYSTEMPATH\Commands\Server\rewrite.php(47): require_once('C:\\xampp\\htdocs\\merlibre\\public\\index.php')
CRITICAL - 2023-11-02 21:33:24 --> Call to undefined method CodeIgniter\HTTP\IncomingRequest::getInt()
in APPPATH\Controllers\ProductController.php on line 61.
 1 SYSTEMPATH\CodeIgniter.php(942): App\Controllers\ProductController->create()
 2 SYSTEMPATH\CodeIgniter.php(502): CodeIgniter\CodeIgniter->runController(Object(App\Controllers\ProductController))
 3 SYSTEMPATH\CodeIgniter.php(361): CodeIgniter\CodeIgniter->handleRequest(null, Object(Config\Cache), false)
 4 FCPATH\index.php(79): CodeIgniter\CodeIgniter->run()
 5 SYSTEMPATH\Commands\Server\rewrite.php(47): require_once('C:\\xampp\\htdocs\\merlibre\\public\\index.php')
CRITICAL - 2023-11-02 21:37:42 --> Call to undefined method CodeIgniter\HTTP\IncomingRequest::getInt()
in APPPATH\Controllers\ProductController.php on line 61.
 1 SYSTEMPATH\CodeIgniter.php(942): App\Controllers\ProductController->create()
 2 SYSTEMPATH\CodeIgniter.php(502): CodeIgniter\CodeIgniter->runController(Object(App\Controllers\ProductController))
 3 SYSTEMPATH\CodeIgniter.php(361): CodeIgniter\CodeIgniter->handleRequest(null, Object(Config\Cache), false)
 4 FCPATH\index.php(79): CodeIgniter\CodeIgniter->run()
 5 SYSTEMPATH\Commands\Server\rewrite.php(47): require_once('C:\\xampp\\htdocs\\merlibre\\public\\index.php')
CRITICAL - 2023-11-02 21:52:41 --> Call to undefined method CodeIgniter\HTTP\IncomingRequest::getInt()
in APPPATH\Controllers\ProductController.php on line 61.
 1 SYSTEMPATH\CodeIgniter.php(942): App\Controllers\ProductController->create()
 2 SYSTEMPATH\CodeIgniter.php(502): CodeIgniter\CodeIgniter->runController(Object(App\Controllers\ProductController))
 3 SYSTEMPATH\CodeIgniter.php(361): CodeIgniter\CodeIgniter->handleRequest(null, Object(Config\Cache), false)
 4 FCPATH\index.php(79): CodeIgniter\CodeIgniter->run()
 5 SYSTEMPATH\Commands\Server\rewrite.php(47): require_once('C:\\xampp\\htdocs\\merlibre\\public\\index.php')
